2023-07-27 12:07:723 INFO  Homepage :29 - Mouse hovering on buy + sell tab : [[ChromeDriver: chrome on WINDOWS (9b4749836a9b868e6397a2075b7826fe)] -> xpath: //a[contains(text(),'buy + sell')]]
2023-07-27 12:07:953 INFO  Homepage :34 - Mouse hovering and clicking on search cars link: [[ChromeDriver: chrome on WINDOWS (9b4749836a9b868e6397a2075b7826fe)] -> xpath: //a[contains(text(),'buy + sell')]]
2023-07-27 12:07:504 INFO  NewAndUsedCarSearchPage :41 - Verifying new and used car search - carsguide text: [[ChromeDriver: chrome on WINDOWS (9b4749836a9b868e6397a2075b7826fe)] -> xpath: //h1[contains(text(),'New & Used Car Search - carsguide')]]
2023-07-27 12:07:583 INFO  NewAndUsedCarSearchPage :46 - Selecting any make from drop down menu: [[ChromeDriver: chrome on WINDOWS (9b4749836a9b868e6397a2075b7826fe)] -> xpath: //select[@id='makes']]
2023-07-27 12:07:696 INFO  NewAndUsedCarSearchPage :51 - Selecting any model from drop down menu: [[ChromeDriver: chrome on WINDOWS (9b4749836a9b868e6397a2075b7826fe)] -> xpath: //select[@id='models']]
2023-07-27 12:07:844 INFO  NewAndUsedCarSearchPage :56 - Selecting any location from drop down menu: [[ChromeDriver: chrome on WINDOWS (9b4749836a9b868e6397a2075b7826fe)] -> xpath: //select[@id='locations']]
2023-07-27 12:07:929 INFO  NewAndUsedCarSearchPage :61 - Selecting max price from drop down menu: [[ChromeDriver: chrome on WINDOWS (9b4749836a9b868e6397a2075b7826fe)] -> xpath: //select[@id='priceTo']]
2023-07-27 12:07:10 INFO  NewAndUsedCarSearchPage :66 - Clicking on find my next car tab: [[ChromeDriver: chrome on WINDOWS (9b4749836a9b868e6397a2075b7826fe)] -> id: search-submit]
2023-07-27 12:07:813 INFO  ResultsPage :24 - Verifying the make: [[ChromeDriver: chrome on WINDOWS (9b4749836a9b868e6397a2075b7826fe)] -> class name: makeFilter]
2023-07-27 12:07:376 INFO  Homepage :29 - Mouse hovering on buy + sell tab : [[ChromeDriver: chrome on WINDOWS (a244a20bb4b70297a830c3287c22843e)] -> xpath: //a[contains(text(),'buy + sell')]]
2023-07-27 12:07:587 INFO  Homepage :34 - Mouse hovering and clicking on search cars link: [[ChromeDriver: chrome on WINDOWS (a244a20bb4b70297a830c3287c22843e)] -> xpath: //a[contains(text(),'buy + sell')]]
2023-07-27 12:07:777 INFO  NewAndUsedCarSearchPage :41 - Verifying new and used car search - carsguide text: [[ChromeDriver: chrome on WINDOWS (a244a20bb4b70297a830c3287c22843e)] -> xpath: //h1[contains(text(),'New & Used Car Search - carsguide')]]
2023-07-27 12:07:816 INFO  NewAndUsedCarSearchPage :46 - Selecting any make from drop down menu: [[ChromeDriver: chrome on WINDOWS (a244a20bb4b70297a830c3287c22843e)] -> xpath: //select[@id='makes']]
2023-07-27 12:07:972 INFO  NewAndUsedCarSearchPage :51 - Selecting any model from drop down menu: [[ChromeDriver: chrome on WINDOWS (a244a20bb4b70297a830c3287c22843e)] -> xpath: //select[@id='models']]
2023-07-27 12:07:115 INFO  NewAndUsedCarSearchPage :56 - Selecting any location from drop down menu: [[ChromeDriver: chrome on WINDOWS (a244a20bb4b70297a830c3287c22843e)] -> xpath: //select[@id='locations']]
2023-07-27 12:07:227 INFO  NewAndUsedCarSearchPage :61 - Selecting max price from drop down menu: [[ChromeDriver: chrome on WINDOWS (a244a20bb4b70297a830c3287c22843e)] -> xpath: //select[@id='priceTo']]
2023-07-27 12:07:338 INFO  NewAndUsedCarSearchPage :66 - Clicking on find my next car tab: [[ChromeDriver: chrome on WINDOWS (a244a20bb4b70297a830c3287c22843e)] -> id: search-submit]
2023-07-27 12:07:674 INFO  ResultsPage :24 - Verifying the make: [[ChromeDriver: chrome on WINDOWS (a244a20bb4b70297a830c3287c22843e)] -> class name: makeFilter]
2023-07-27 12:07:712 INFO  Homepage :29 - Mouse hovering on buy + sell tab : [[ChromeDriver: chrome on WINDOWS (52bd219ebb4b50b97a99f926b0457454)] -> xpath: //a[contains(text(),'buy + sell')]]
2023-07-27 12:07:514 INFO  Homepage :34 - Mouse hovering and clicking on search cars link: [[ChromeDriver: chrome on WINDOWS (52bd219ebb4b50b97a99f926b0457454)] -> xpath: //a[contains(text(),'buy + sell')]]
2023-07-27 12:07:577 INFO  NewAndUsedCarSearchPage :41 - Verifying new and used car search - carsguide text: [[ChromeDriver: chrome on WINDOWS (52bd219ebb4b50b97a99f926b0457454)] -> xpath: //h1[contains(text(),'New & Used Car Search - carsguide')]]
2023-07-27 12:07:758 INFO  NewAndUsedCarSearchPage :46 - Selecting any make from drop down menu: [[ChromeDriver: chrome on WINDOWS (52bd219ebb4b50b97a99f926b0457454)] -> xpath: //select[@id='makes']]
2023-07-27 12:07:921 INFO  NewAndUsedCarSearchPage :51 - Selecting any model from drop down menu: [[ChromeDriver: chrome on WINDOWS (52bd219ebb4b50b97a99f926b0457454)] -> xpath: //select[@id='models']]
2023-07-27 12:07:171 INFO  NewAndUsedCarSearchPage :56 - Selecting any location from drop down menu: [[ChromeDriver: chrome on WINDOWS (52bd219ebb4b50b97a99f926b0457454)] -> xpath: //select[@id='locations']]
2023-07-27 12:07:334 INFO  NewAndUsedCarSearchPage :61 - Selecting max price from drop down menu: [[ChromeDriver: chrome on WINDOWS (52bd219ebb4b50b97a99f926b0457454)] -> xpath: //select[@id='priceTo']]
2023-07-27 12:07:442 INFO  NewAndUsedCarSearchPage :66 - Clicking on find my next car tab: [[ChromeDriver: chrome on WINDOWS (52bd219ebb4b50b97a99f926b0457454)] -> id: search-submit]
2023-07-27 12:07:915 INFO  ResultsPage :24 - Verifying the make: [[ChromeDriver: chrome on WINDOWS (52bd219ebb4b50b97a99f926b0457454)] -> class name: makeFilter]
2023-07-27 12:07:443 INFO  Homepage :29 - Mouse hovering on buy + sell tab : [[ChromeDriver: chrome on WINDOWS (1ac822b2e4ec11aff95bcd125122fecc)] -> xpath: //a[contains(text(),'buy + sell')]]
2023-07-27 12:07:943 INFO  Homepage :34 - Mouse hovering and clicking on search cars link: [[ChromeDriver: chrome on WINDOWS (1ac822b2e4ec11aff95bcd125122fecc)] -> xpath: //a[contains(text(),'buy + sell')]]
2023-07-27 12:07:122 INFO  NewAndUsedCarSearchPage :41 - Verifying new and used car search - carsguide text: [[ChromeDriver: chrome on WINDOWS (1ac822b2e4ec11aff95bcd125122fecc)] -> xpath: //h1[contains(text(),'New & Used Car Search - carsguide')]]
2023-07-27 12:07:235 INFO  NewAndUsedCarSearchPage :46 - Selecting any make from drop down menu: [[ChromeDriver: chrome on WINDOWS (1ac822b2e4ec11aff95bcd125122fecc)] -> xpath: //select[@id='makes']]
2023-07-27 12:07:321 INFO  NewAndUsedCarSearchPage :51 - Selecting any model from drop down menu: [[ChromeDriver: chrome on WINDOWS (1ac822b2e4ec11aff95bcd125122fecc)] -> xpath: //select[@id='models']]
2023-07-27 12:07:589 INFO  NewAndUsedCarSearchPage :56 - Selecting any location from drop down menu: [[ChromeDriver: chrome on WINDOWS (1ac822b2e4ec11aff95bcd125122fecc)] -> xpath: //select[@id='locations']]
2023-07-27 12:07:657 INFO  NewAndUsedCarSearchPage :61 - Selecting max price from drop down menu: [[ChromeDriver: chrome on WINDOWS (1ac822b2e4ec11aff95bcd125122fecc)] -> xpath: //select[@id='priceTo']]
2023-07-27 12:07:726 INFO  NewAndUsedCarSearchPage :66 - Clicking on find my next car tab: [[ChromeDriver: chrome on WINDOWS (1ac822b2e4ec11aff95bcd125122fecc)] -> id: search-submit]
2023-07-27 12:07:103 INFO  ResultsPage :24 - Verifying the make: [[ChromeDriver: chrome on WINDOWS (1ac822b2e4ec11aff95bcd125122fecc)] -> class name: makeFilter]
2023-07-27 12:07:39 INFO  Homepage :29 - Mouse hovering on buy + sell tab : [[ChromeDriver: chrome on WINDOWS (301ca04009ef0e5562f1cd9fe8f7e240)] -> xpath: //a[contains(text(),'buy + sell')]]
2023-07-27 12:07:203 INFO  Homepage :34 - Mouse hovering and clicking on search cars link: [[ChromeDriver: chrome on WINDOWS (301ca04009ef0e5562f1cd9fe8f7e240)] -> xpath: //a[contains(text(),'buy + sell')]]
2023-07-27 12:07:885 INFO  NewAndUsedCarSearchPage :41 - Verifying new and used car search - carsguide text: [[ChromeDriver: chrome on WINDOWS (301ca04009ef0e5562f1cd9fe8f7e240)] -> xpath: //h1[contains(text(),'New & Used Car Search - carsguide')]]
2023-07-27 12:07:950 INFO  NewAndUsedCarSearchPage :46 - Selecting any make from drop down menu: [[ChromeDriver: chrome on WINDOWS (301ca04009ef0e5562f1cd9fe8f7e240)] -> xpath: //select[@id='makes']]
2023-07-27 12:07:47 INFO  NewAndUsedCarSearchPage :51 - Selecting any model from drop down menu: [[ChromeDriver: chrome on WINDOWS (301ca04009ef0e5562f1cd9fe8f7e240)] -> xpath: //select[@id='models']]
2023-07-27 12:07:373 INFO  NewAndUsedCarSearchPage :56 - Selecting any location from drop down menu: [[ChromeDriver: chrome on WINDOWS (301ca04009ef0e5562f1cd9fe8f7e240)] -> xpath: //select[@id='locations']]
2023-07-27 12:07:444 INFO  NewAndUsedCarSearchPage :61 - Selecting max price from drop down menu: [[ChromeDriver: chrome on WINDOWS (301ca04009ef0e5562f1cd9fe8f7e240)] -> xpath: //select[@id='priceTo']]
2023-07-27 12:07:532 INFO  NewAndUsedCarSearchPage :66 - Clicking on find my next car tab: [[ChromeDriver: chrome on WINDOWS (301ca04009ef0e5562f1cd9fe8f7e240)] -> id: search-submit]
2023-07-27 12:07:403 INFO  ResultsPage :24 - Verifying the make: [[ChromeDriver: chrome on WINDOWS (301ca04009ef0e5562f1cd9fe8f7e240)] -> class name: makeFilter]
2023-07-27 12:07:532 INFO  Homepage :29 - Mouse hovering on buy + sell tab : [[ChromeDriver: chrome on WINDOWS (4eba065186b1ede169b1b2df440c7dd8)] -> xpath: //a[contains(text(),'buy + sell')]]
2023-07-27 12:07:695 INFO  Homepage :34 - Mouse hovering and clicking on search cars link: [[ChromeDriver: chrome on WINDOWS (4eba065186b1ede169b1b2df440c7dd8)] -> xpath: //a[contains(text(),'buy + sell')]]
2023-07-27 12:07:641 INFO  NewAndUsedCarSearchPage :41 - Verifying new and used car search - carsguide text: [[ChromeDriver: chrome on WINDOWS (4eba065186b1ede169b1b2df440c7dd8)] -> xpath: //h1[contains(text(),'New & Used Car Search - carsguide')]]
2023-07-27 12:07:701 INFO  NewAndUsedCarSearchPage :46 - Selecting any make from drop down menu: [[ChromeDriver: chrome on WINDOWS (4eba065186b1ede169b1b2df440c7dd8)] -> xpath: //select[@id='makes']]
2023-07-27 12:07:866 INFO  NewAndUsedCarSearchPage :51 - Selecting any model from drop down menu: [[ChromeDriver: chrome on WINDOWS (4eba065186b1ede169b1b2df440c7dd8)] -> xpath: //select[@id='models']]
2023-07-27 12:07:213 INFO  NewAndUsedCarSearchPage :56 - Selecting any location from drop down menu: [[ChromeDriver: chrome on WINDOWS (4eba065186b1ede169b1b2df440c7dd8)] -> xpath: //select[@id='locations']]
2023-07-27 12:07:322 INFO  NewAndUsedCarSearchPage :61 - Selecting max price from drop down menu: [[ChromeDriver: chrome on WINDOWS (4eba065186b1ede169b1b2df440c7dd8)] -> xpath: //select[@id='priceTo']]
2023-07-27 12:07:412 INFO  NewAndUsedCarSearchPage :66 - Clicking on find my next car tab: [[ChromeDriver: chrome on WINDOWS (4eba065186b1ede169b1b2df440c7dd8)] -> id: search-submit]
2023-07-27 12:07:213 INFO  ResultsPage :24 - Verifying the make: [[ChromeDriver: chrome on WINDOWS (4eba065186b1ede169b1b2df440c7dd8)] -> class name: makeFilter]
2023-07-27 12:07:159 INFO  Homepage :32 - Mouse hovering on buy + sell tab : [[ChromeDriver: chrome on WINDOWS (a0f067170cbf7096e091d915f09b7132)] -> xpath: //a[contains(text(),'buy + sell')]]
2023-07-27 12:07:65 INFO  Homepage :37 - Mouse hovering and clicking on search cars link: [[ChromeDriver: chrome on WINDOWS (a0f067170cbf7096e091d915f09b7132)] -> xpath: //a[contains(text(),'buy + sell')]]
2023-07-27 12:07:897 INFO  NewAndUsedCarSearchPage :41 - Verifying new and used car search - carsguide text: [[ChromeDriver: chrome on WINDOWS (a0f067170cbf7096e091d915f09b7132)] -> xpath: //h1[contains(text(),'New & Used Car Search - carsguide')]]
2023-07-27 12:07:40 INFO  NewAndUsedCarSearchPage :46 - Selecting any make from drop down menu: [[ChromeDriver: chrome on WINDOWS (a0f067170cbf7096e091d915f09b7132)] -> xpath: //select[@id='makes']]
2023-07-27 12:07:153 INFO  NewAndUsedCarSearchPage :51 - Selecting any model from drop down menu: [[ChromeDriver: chrome on WINDOWS (a0f067170cbf7096e091d915f09b7132)] -> xpath: //select[@id='models']]
2023-07-27 12:07:281 INFO  NewAndUsedCarSearchPage :56 - Selecting any location from drop down menu: [[ChromeDriver: chrome on WINDOWS (a0f067170cbf7096e091d915f09b7132)] -> xpath: //select[@id='locations']]
2023-07-27 12:07:382 INFO  NewAndUsedCarSearchPage :61 - Selecting max price from drop down menu: [[ChromeDriver: chrome on WINDOWS (a0f067170cbf7096e091d915f09b7132)] -> xpath: //select[@id='priceTo']]
2023-07-27 12:07:474 INFO  NewAndUsedCarSearchPage :66 - Clicking on find my next car tab: [[ChromeDriver: chrome on WINDOWS (a0f067170cbf7096e091d915f09b7132)] -> id: search-submit]
2023-07-27 12:07:855 INFO  ResultsPage :24 - Verifying the make: [[ChromeDriver: chrome on WINDOWS (a0f067170cbf7096e091d915f09b7132)] -> class name: makeFilter]
2023-07-27 12:07:248 INFO  Homepage :32 - Mouse hovering on buy + sell tab : [[ChromeDriver: chrome on WINDOWS (d05a3e83cd65c60ec05103d1bc97e400)] -> xpath: //a[contains(text(),'buy + sell')]]
2023-07-27 12:07:461 INFO  Homepage :37 - Mouse hovering and clicking on search cars link: [[ChromeDriver: chrome on WINDOWS (d05a3e83cd65c60ec05103d1bc97e400)] -> xpath: //a[contains(text(),'buy + sell')]]
2023-07-27 12:07:432 INFO  NewAndUsedCarSearchPage :41 - Verifying new and used car search - carsguide text: [[ChromeDriver: chrome on WINDOWS (d05a3e83cd65c60ec05103d1bc97e400)] -> xpath: //h1[contains(text(),'New & Used Car Search - carsguide')]]
2023-07-27 12:07:572 INFO  NewAndUsedCarSearchPage :46 - Selecting any make from drop down menu: [[ChromeDriver: chrome on WINDOWS (d05a3e83cd65c60ec05103d1bc97e400)] -> xpath: //select[@id='makes']]
2023-07-27 12:07:671 INFO  NewAndUsedCarSearchPage :51 - Selecting any model from drop down menu: [[ChromeDriver: chrome on WINDOWS (d05a3e83cd65c60ec05103d1bc97e400)] -> xpath: //select[@id='models']]
2023-07-27 12:07:915 INFO  NewAndUsedCarSearchPage :56 - Selecting any location from drop down menu: [[ChromeDriver: chrome on WINDOWS (d05a3e83cd65c60ec05103d1bc97e400)] -> xpath: //select[@id='locations']]
2023-07-27 12:07:07 INFO  NewAndUsedCarSearchPage :61 - Selecting max price from drop down menu: [[ChromeDriver: chrome on WINDOWS (d05a3e83cd65c60ec05103d1bc97e400)] -> xpath: //select[@id='priceTo']]
2023-07-27 12:07:93 INFO  NewAndUsedCarSearchPage :66 - Clicking on find my next car tab: [[ChromeDriver: chrome on WINDOWS (d05a3e83cd65c60ec05103d1bc97e400)] -> id: search-submit]
2023-07-27 12:07:735 INFO  ResultsPage :24 - Verifying the make: [[ChromeDriver: chrome on WINDOWS (d05a3e83cd65c60ec05103d1bc97e400)] -> class name: makeFilter]
2023-07-27 12:07:485 INFO  Homepage :32 - Mouse hovering on buy + sell tab : [[ChromeDriver: chrome on WINDOWS (1cf926c92070c06c69da69689e22f872)] -> xpath: //a[contains(text(),'buy + sell')]]
2023-07-27 12:07:748 INFO  Homepage :37 - Mouse hovering and clicking on search cars link: [[ChromeDriver: chrome on WINDOWS (1cf926c92070c06c69da69689e22f872)] -> xpath: //a[contains(text(),'buy + sell')]]
2023-07-27 12:07:319 INFO  NewAndUsedCarSearchPage :41 - Verifying new and used car search - carsguide text: [[ChromeDriver: chrome on WINDOWS (1cf926c92070c06c69da69689e22f872)] -> xpath: //h1[contains(text(),'New & Used Car Search - carsguide')]]
2023-07-27 12:07:540 INFO  NewAndUsedCarSearchPage :46 - Selecting any make from drop down menu: [[ChromeDriver: chrome on WINDOWS (1cf926c92070c06c69da69689e22f872)] -> xpath: //select[@id='makes']]
2023-07-27 12:07:687 INFO  NewAndUsedCarSearchPage :51 - Selecting any model from drop down menu: [[ChromeDriver: chrome on WINDOWS (1cf926c92070c06c69da69689e22f872)] -> xpath: //select[@id='models']]
2023-07-27 12:07:958 INFO  NewAndUsedCarSearchPage :56 - Selecting any location from drop down menu: [[ChromeDriver: chrome on WINDOWS (1cf926c92070c06c69da69689e22f872)] -> xpath: //select[@id='locations']]
2023-07-27 12:07:72 INFO  NewAndUsedCarSearchPage :61 - Selecting max price from drop down menu: [[ChromeDriver: chrome on WINDOWS (1cf926c92070c06c69da69689e22f872)] -> xpath: //select[@id='priceTo']]
2023-07-27 12:07:178 INFO  NewAndUsedCarSearchPage :66 - Clicking on find my next car tab: [[ChromeDriver: chrome on WINDOWS (1cf926c92070c06c69da69689e22f872)] -> id: search-submit]
2023-07-27 12:07:261 INFO  ResultsPage :24 - Verifying the make: [[ChromeDriver: chrome on WINDOWS (1cf926c92070c06c69da69689e22f872)] -> class name: makeFilter]
2023-07-27 12:07:402 INFO  Homepage :32 - Mouse hovering on buy + sell tab : [[ChromeDriver: chrome on WINDOWS (7aa66b875ccab89b8fe485c769a45092)] -> xpath: //a[contains(text(),'buy + sell')]]
2023-07-27 12:07:574 INFO  Homepage :37 - Mouse hovering and clicking on search cars link: [[ChromeDriver: chrome on WINDOWS (7aa66b875ccab89b8fe485c769a45092)] -> xpath: //a[contains(text(),'buy + sell')]]
2023-07-27 12:07:472 INFO  NewAndUsedCarSearchPage :41 - Verifying new and used car search - carsguide text: [[ChromeDriver: chrome on WINDOWS (7aa66b875ccab89b8fe485c769a45092)] -> xpath: //h1[contains(text(),'New & Used Car Search - carsguide')]]
2023-07-27 12:07:505 INFO  NewAndUsedCarSearchPage :46 - Selecting any make from drop down menu: [[ChromeDriver: chrome on WINDOWS (7aa66b875ccab89b8fe485c769a45092)] -> xpath: //select[@id='makes']]
2023-07-27 12:07:641 INFO  NewAndUsedCarSearchPage :51 - Selecting any model from drop down menu: [[ChromeDriver: chrome on WINDOWS (7aa66b875ccab89b8fe485c769a45092)] -> xpath: //select[@id='models']]
2023-07-27 12:07:772 INFO  NewAndUsedCarSearchPage :56 - Selecting any location from drop down menu: [[ChromeDriver: chrome on WINDOWS (7aa66b875ccab89b8fe485c769a45092)] -> xpath: //select[@id='locations']]
2023-07-27 12:07:864 INFO  NewAndUsedCarSearchPage :61 - Selecting max price from drop down menu: [[ChromeDriver: chrome on WINDOWS (7aa66b875ccab89b8fe485c769a45092)] -> xpath: //select[@id='priceTo']]
2023-07-27 12:07:990 INFO  NewAndUsedCarSearchPage :66 - Clicking on find my next car tab: [[ChromeDriver: chrome on WINDOWS (7aa66b875ccab89b8fe485c769a45092)] -> id: search-submit]
2023-07-27 12:07:163 INFO  ResultsPage :24 - Verifying the make: [[ChromeDriver: chrome on WINDOWS (7aa66b875ccab89b8fe485c769a45092)] -> class name: makeFilter]
2023-07-27 12:07:147 INFO  Homepage :32 - Mouse hovering on buy + sell tab : [[ChromeDriver: chrome on WINDOWS (44550b6646d107c2af5388dd3b5db856)] -> xpath: //a[contains(text(),'buy + sell')]]
2023-07-27 12:07:324 INFO  Homepage :37 - Mouse hovering and clicking on search cars link: [[ChromeDriver: chrome on WINDOWS (44550b6646d107c2af5388dd3b5db856)] -> xpath: //a[contains(text(),'buy + sell')]]
2023-07-27 12:07:739 INFO  NewAndUsedCarSearchPage :41 - Verifying new and used car search - carsguide text: [[ChromeDriver: chrome on WINDOWS (44550b6646d107c2af5388dd3b5db856)] -> xpath: //h1[contains(text(),'New & Used Car Search - carsguide')]]
2023-07-27 12:07:796 INFO  NewAndUsedCarSearchPage :46 - Selecting any make from drop down menu: [[ChromeDriver: chrome on WINDOWS (44550b6646d107c2af5388dd3b5db856)] -> xpath: //select[@id='makes']]
2023-07-27 12:07:894 INFO  NewAndUsedCarSearchPage :51 - Selecting any model from drop down menu: [[ChromeDriver: chrome on WINDOWS (44550b6646d107c2af5388dd3b5db856)] -> xpath: //select[@id='models']]
2023-07-27 12:07:216 INFO  NewAndUsedCarSearchPage :56 - Selecting any location from drop down menu: [[ChromeDriver: chrome on WINDOWS (44550b6646d107c2af5388dd3b5db856)] -> xpath: //select[@id='locations']]
2023-07-27 12:07:288 INFO  NewAndUsedCarSearchPage :61 - Selecting max price from drop down menu: [[ChromeDriver: chrome on WINDOWS (44550b6646d107c2af5388dd3b5db856)] -> xpath: //select[@id='priceTo']]
2023-07-27 12:07:363 INFO  NewAndUsedCarSearchPage :66 - Clicking on find my next car tab: [[ChromeDriver: chrome on WINDOWS (44550b6646d107c2af5388dd3b5db856)] -> id: search-submit]
2023-07-27 12:07:660 INFO  ResultsPage :24 - Verifying the make: [[ChromeDriver: chrome on WINDOWS (44550b6646d107c2af5388dd3b5db856)] -> class name: makeFilter]
2023-07-27 12:07:190 INFO  Homepage :32 - Mouse hovering on buy + sell tab : [[ChromeDriver: chrome on WINDOWS (91f1e41ea5ab2ff295c20d6bc0c5a490)] -> xpath: //a[contains(text(),'buy + sell')]]
2023-07-27 12:07:351 INFO  Homepage :37 - Mouse hovering and clicking on search cars link: [[ChromeDriver: chrome on WINDOWS (91f1e41ea5ab2ff295c20d6bc0c5a490)] -> xpath: //a[contains(text(),'buy + sell')]]
2023-07-27 12:07:584 INFO  NewAndUsedCarSearchPage :41 - Verifying new and used car search - carsguide text: [[ChromeDriver: chrome on WINDOWS (91f1e41ea5ab2ff295c20d6bc0c5a490)] -> xpath: //h1[contains(text(),'New & Used Car Search - carsguide')]]
2023-07-27 12:07:653 INFO  NewAndUsedCarSearchPage :46 - Selecting any make from drop down menu: [[ChromeDriver: chrome on WINDOWS (91f1e41ea5ab2ff295c20d6bc0c5a490)] -> xpath: //select[@id='makes']]
2023-07-27 12:07:766 INFO  NewAndUsedCarSearchPage :51 - Selecting any model from drop down menu: [[ChromeDriver: chrome on WINDOWS (91f1e41ea5ab2ff295c20d6bc0c5a490)] -> xpath: //select[@id='models']]
2023-07-27 12:07:242 INFO  NewAndUsedCarSearchPage :56 - Selecting any location from drop down menu: [[ChromeDriver: chrome on WINDOWS (91f1e41ea5ab2ff295c20d6bc0c5a490)] -> xpath: //select[@id='locations']]
2023-07-27 12:07:326 INFO  NewAndUsedCarSearchPage :61 - Selecting max price from drop down menu: [[ChromeDriver: chrome on WINDOWS (91f1e41ea5ab2ff295c20d6bc0c5a490)] -> xpath: //select[@id='priceTo']]
2023-07-27 12:07:397 INFO  NewAndUsedCarSearchPage :66 - Clicking on find my next car tab: [[ChromeDriver: chrome on WINDOWS (91f1e41ea5ab2ff295c20d6bc0c5a490)] -> id: search-submit]
2023-07-27 12:07:685 INFO  ResultsPage :24 - Verifying the make: [[ChromeDriver: chrome on WINDOWS (91f1e41ea5ab2ff295c20d6bc0c5a490)] -> class name: makeFilter]
2023-07-27 12:07:620 INFO  Homepage :32 - Mouse hovering on buy + sell tab : [[ChromeDriver: chrome on WINDOWS (9730bd3ee00e2d254ae3bb3495f04428)] -> xpath: //a[contains(text(),'buy + sell')]]
2023-07-27 12:07:293 INFO  Homepage :42 - Mouse hovering and clicking on used link: [[ChromeDriver: chrome on WINDOWS (9730bd3ee00e2d254ae3bb3495f04428)] -> xpath: //a[contains(text(),'buy + sell')]]
2023-07-27 12:07:411 INFO  UsedCarSearchPage :24 - Verifying new and used car dor sale text: [[ChromeDriver: chrome on WINDOWS (9730bd3ee00e2d254ae3bb3495f04428)] -> xpath: //h1[contains(text(),'Used Cars For Sale')]]
2023-07-27 12:07:544 INFO  Homepage :32 - Mouse hovering on buy + sell tab : [[ChromeDriver: chrome on WINDOWS (ea32a9ef16f2671aca9f2f195a64ea0a)] -> xpath: //a[contains(text(),'buy + sell')]]
2023-07-27 12:07:848 INFO  Homepage :42 - Mouse hovering and clicking on used link: [[ChromeDriver: chrome on WINDOWS (ea32a9ef16f2671aca9f2f195a64ea0a)] -> xpath: //a[contains(text(),'buy + sell')]]
2023-07-27 12:07:879 INFO  UsedCarSearchPage :24 - Verifying new and used car dor sale text: [[ChromeDriver: chrome on WINDOWS (ea32a9ef16f2671aca9f2f195a64ea0a)] -> xpath: //h1[contains(text(),'Used Cars For Sale')]]
2023-07-27 12:07:401 INFO  Homepage :32 - Mouse hovering on buy + sell tab : [[ChromeDriver: chrome on WINDOWS (3dce9fdc08c123cec0e7c5c6536f8e3f)] -> xpath: //a[contains(text(),'buy + sell')]]
2023-07-27 12:07:763 INFO  Homepage :42 - Mouse hovering and clicking on used link: [[ChromeDriver: chrome on WINDOWS (3dce9fdc08c123cec0e7c5c6536f8e3f)] -> xpath: //a[contains(text(),'buy + sell')]]
2023-07-27 12:07:46 INFO  UsedCarSearchPage :24 - Verifying new and used car dor sale text: [[ChromeDriver: chrome on WINDOWS (3dce9fdc08c123cec0e7c5c6536f8e3f)] -> xpath: //h1[contains(text(),'Used Cars For Sale')]]
2023-07-27 12:07:754 INFO  Homepage :32 - Mouse hovering on buy + sell tab : [[ChromeDriver: chrome on WINDOWS (8f55a3cebb37af3b4afb813ed576db61)] -> xpath: //a[contains(text(),'buy + sell')]]
2023-07-27 12:07:577 INFO  Homepage :42 - Mouse hovering and clicking on used link: [[ChromeDriver: chrome on WINDOWS (8f55a3cebb37af3b4afb813ed576db61)] -> xpath: //a[contains(text(),'buy + sell')]]
2023-07-27 12:07:265 INFO  UsedCarSearchPage :24 - Verifying new and used car dor sale text: [[ChromeDriver: chrome on WINDOWS (8f55a3cebb37af3b4afb813ed576db61)] -> xpath: //h1[contains(text(),'Used Cars For Sale')]]
2023-07-27 12:07:798 INFO  Homepage :32 - Mouse hovering on buy + sell tab : [[ChromeDriver: chrome on WINDOWS (899fe263716e6430b54758eac6c27d06)] -> xpath: //a[contains(text(),'buy + sell')]]
2023-07-27 12:07:61 INFO  Homepage :42 - Mouse hovering and clicking on used link: [[ChromeDriver: chrome on WINDOWS (899fe263716e6430b54758eac6c27d06)] -> xpath: //a[contains(text(),'buy + sell')]]
2023-07-27 12:07:376 INFO  UsedCarSearchPage :24 - Verifying new and used car dor sale text: [[ChromeDriver: chrome on WINDOWS (899fe263716e6430b54758eac6c27d06)] -> xpath: //h1[contains(text(),'Used Cars For Sale')]]
2023-07-27 12:07:925 INFO  Homepage :32 - Mouse hovering on buy + sell tab : [[ChromeDriver: chrome on WINDOWS (082264b64abaafcebd6d3c56bb448c42)] -> xpath: //a[contains(text(),'buy + sell')]]
2023-07-27 12:07:145 INFO  Homepage :42 - Mouse hovering and clicking on used link: [[ChromeDriver: chrome on WINDOWS (082264b64abaafcebd6d3c56bb448c42)] -> xpath: //a[contains(text(),'buy + sell')]]
2023-07-27 12:07:119 INFO  UsedCarSearchPage :24 - Verifying new and used car dor sale text: [[ChromeDriver: chrome on WINDOWS (082264b64abaafcebd6d3c56bb448c42)] -> xpath: //h1[contains(text(),'Used Cars For Sale')]]
2023-07-27 12:07:678 INFO  Homepage :32 - Mouse hovering on buy + sell tab : [[ChromeDriver: chrome on WINDOWS (d3f6c07dc802e3066b1257833e087548)] -> xpath: //a[contains(text(),'buy + sell')]]
2023-07-27 12:07:22 INFO  Homepage :37 - Mouse hovering and clicking on search cars link: [[ChromeDriver: chrome on WINDOWS (d3f6c07dc802e3066b1257833e087548)] -> xpath: //a[contains(text(),'buy + sell')]]
2023-07-27 12:07:851 INFO  NewAndUsedCarSearchPage :41 - Verifying new and used car search - carsguide text: [[ChromeDriver: chrome on WINDOWS (d3f6c07dc802e3066b1257833e087548)] -> xpath: //h1[contains(text(),'New & Used Car Search - carsguide')]]
2023-07-27 12:07:992 INFO  NewAndUsedCarSearchPage :46 - Selecting any make from drop down menu: [[ChromeDriver: chrome on WINDOWS (d3f6c07dc802e3066b1257833e087548)] -> xpath: //select[@id='makes']]
2023-07-27 12:07:114 INFO  NewAndUsedCarSearchPage :51 - Selecting any model from drop down menu: [[ChromeDriver: chrome on WINDOWS (d3f6c07dc802e3066b1257833e087548)] -> xpath: //select[@id='models']]
2023-07-27 12:07:647 INFO  NewAndUsedCarSearchPage :56 - Selecting any location from drop down menu: [[ChromeDriver: chrome on WINDOWS (d3f6c07dc802e3066b1257833e087548)] -> xpath: //select[@id='locations']]
2023-07-27 12:07:773 INFO  NewAndUsedCarSearchPage :61 - Selecting max price from drop down menu: [[ChromeDriver: chrome on WINDOWS (d3f6c07dc802e3066b1257833e087548)] -> xpath: //select[@id='priceTo']]
2023-07-27 12:07:870 INFO  NewAndUsedCarSearchPage :66 - Clicking on find my next car tab: [[ChromeDriver: chrome on WINDOWS (d3f6c07dc802e3066b1257833e087548)] -> id: search-submit]
2023-07-27 12:07:664 INFO  ResultsPage :24 - Verifying the make: [[ChromeDriver: chrome on WINDOWS (d3f6c07dc802e3066b1257833e087548)] -> class name: makeFilter]
2023-07-27 12:07:329 INFO  Homepage :32 - Mouse hovering on buy + sell tab : [[ChromeDriver: chrome on WINDOWS (5d7bb2ead2e1a4d3da972660b419d4b7)] -> xpath: //a[contains(text(),'buy + sell')]]
2023-07-27 12:07:547 INFO  Homepage :37 - Mouse hovering and clicking on search cars link: [[ChromeDriver: chrome on WINDOWS (5d7bb2ead2e1a4d3da972660b419d4b7)] -> xpath: //a[contains(text(),'buy + sell')]]
2023-07-27 12:07:828 INFO  NewAndUsedCarSearchPage :41 - Verifying new and used car search - carsguide text: [[ChromeDriver: chrome on WINDOWS (5d7bb2ead2e1a4d3da972660b419d4b7)] -> xpath: //h1[contains(text(),'New & Used Car Search - carsguide')]]
2023-07-27 12:07:889 INFO  NewAndUsedCarSearchPage :46 - Selecting any make from drop down menu: [[ChromeDriver: chrome on WINDOWS (5d7bb2ead2e1a4d3da972660b419d4b7)] -> xpath: //select[@id='makes']]
2023-07-27 12:07:991 INFO  NewAndUsedCarSearchPage :51 - Selecting any model from drop down menu: [[ChromeDriver: chrome on WINDOWS (5d7bb2ead2e1a4d3da972660b419d4b7)] -> xpath: //select[@id='models']]
2023-07-27 12:07:333 INFO  NewAndUsedCarSearchPage :56 - Selecting any location from drop down menu: [[ChromeDriver: chrome on WINDOWS (5d7bb2ead2e1a4d3da972660b419d4b7)] -> xpath: //select[@id='locations']]
2023-07-27 12:07:416 INFO  NewAndUsedCarSearchPage :61 - Selecting max price from drop down menu: [[ChromeDriver: chrome on WINDOWS (5d7bb2ead2e1a4d3da972660b419d4b7)] -> xpath: //select[@id='priceTo']]
2023-07-27 12:07:489 INFO  NewAndUsedCarSearchPage :66 - Clicking on find my next car tab: [[ChromeDriver: chrome on WINDOWS (5d7bb2ead2e1a4d3da972660b419d4b7)] -> id: search-submit]
2023-07-27 12:07:238 INFO  ResultsPage :24 - Verifying the make: [[ChromeDriver: chrome on WINDOWS (5d7bb2ead2e1a4d3da972660b419d4b7)] -> class name: makeFilter]
2023-07-27 12:07:305 INFO  Homepage :32 - Mouse hovering on buy + sell tab : [[ChromeDriver: chrome on WINDOWS (9ffad0d5125c33e976a3584fc8357099)] -> xpath: //a[contains(text(),'buy + sell')]]
2023-07-27 12:07:496 INFO  Homepage :37 - Mouse hovering and clicking on search cars link: [[ChromeDriver: chrome on WINDOWS (9ffad0d5125c33e976a3584fc8357099)] -> xpath: //a[contains(text(),'buy + sell')]]
2023-07-27 12:07:609 INFO  NewAndUsedCarSearchPage :41 - Verifying new and used car search - carsguide text: [[ChromeDriver: chrome on WINDOWS (9ffad0d5125c33e976a3584fc8357099)] -> xpath: //h1[contains(text(),'New & Used Car Search - carsguide')]]
2023-07-27 12:07:683 INFO  NewAndUsedCarSearchPage :46 - Selecting any make from drop down menu: [[ChromeDriver: chrome on WINDOWS (9ffad0d5125c33e976a3584fc8357099)] -> xpath: //select[@id='makes']]
2023-07-27 12:07:785 INFO  NewAndUsedCarSearchPage :51 - Selecting any model from drop down menu: [[ChromeDriver: chrome on WINDOWS (9ffad0d5125c33e976a3584fc8357099)] -> xpath: //select[@id='models']]
2023-07-27 12:07:240 INFO  NewAndUsedCarSearchPage :56 - Selecting any location from drop down menu: [[ChromeDriver: chrome on WINDOWS (9ffad0d5125c33e976a3584fc8357099)] -> xpath: //select[@id='locations']]
2023-07-27 12:07:311 INFO  NewAndUsedCarSearchPage :61 - Selecting max price from drop down menu: [[ChromeDriver: chrome on WINDOWS (9ffad0d5125c33e976a3584fc8357099)] -> xpath: //select[@id='priceTo']]
2023-07-27 12:07:381 INFO  NewAndUsedCarSearchPage :66 - Clicking on find my next car tab: [[ChromeDriver: chrome on WINDOWS (9ffad0d5125c33e976a3584fc8357099)] -> id: search-submit]
2023-07-27 12:07:107 INFO  ResultsPage :24 - Verifying the make: [[ChromeDriver: chrome on WINDOWS (9ffad0d5125c33e976a3584fc8357099)] -> class name: makeFilter]
2023-07-27 12:07:392 INFO  Homepage :32 - Mouse hovering on buy + sell tab : [[ChromeDriver: chrome on WINDOWS (e1d51adacfa4b15e1b387375a50286fc)] -> xpath: //a[contains(text(),'buy + sell')]]
2023-07-27 12:07:560 INFO  Homepage :37 - Mouse hovering and clicking on search cars link: [[ChromeDriver: chrome on WINDOWS (e1d51adacfa4b15e1b387375a50286fc)] -> xpath: //a[contains(text(),'buy + sell')]]
2023-07-27 12:07:747 INFO  NewAndUsedCarSearchPage :41 - Verifying new and used car search - carsguide text: [[ChromeDriver: chrome on WINDOWS (e1d51adacfa4b15e1b387375a50286fc)] -> xpath: //h1[contains(text(),'New & Used Car Search - carsguide')]]
2023-07-27 12:07:823 INFO  NewAndUsedCarSearchPage :46 - Selecting any make from drop down menu: [[ChromeDriver: chrome on WINDOWS (e1d51adacfa4b15e1b387375a50286fc)] -> xpath: //select[@id='makes']]
2023-07-27 12:07:943 INFO  NewAndUsedCarSearchPage :51 - Selecting any model from drop down menu: [[ChromeDriver: chrome on WINDOWS (e1d51adacfa4b15e1b387375a50286fc)] -> xpath: //select[@id='models']]
2023-07-27 12:07:278 INFO  NewAndUsedCarSearchPage :56 - Selecting any location from drop down menu: [[ChromeDriver: chrome on WINDOWS (e1d51adacfa4b15e1b387375a50286fc)] -> xpath: //select[@id='locations']]
2023-07-27 12:07:358 INFO  NewAndUsedCarSearchPage :61 - Selecting max price from drop down menu: [[ChromeDriver: chrome on WINDOWS (e1d51adacfa4b15e1b387375a50286fc)] -> xpath: //select[@id='priceTo']]
2023-07-27 12:07:428 INFO  NewAndUsedCarSearchPage :66 - Clicking on find my next car tab: [[ChromeDriver: chrome on WINDOWS (e1d51adacfa4b15e1b387375a50286fc)] -> id: search-submit]
2023-07-27 12:07:917 INFO  ResultsPage :24 - Verifying the make: [[ChromeDriver: chrome on WINDOWS (e1d51adacfa4b15e1b387375a50286fc)] -> class name: makeFilter]
2023-07-27 12:07:822 INFO  Homepage :32 - Mouse hovering on buy + sell tab : [[ChromeDriver: chrome on WINDOWS (c3712b3a43ab7f864b26b79cbe5b9348)] -> xpath: //a[contains(text(),'buy + sell')]]
2023-07-27 12:07:669 INFO  Homepage :37 - Mouse hovering and clicking on search cars link: [[ChromeDriver: chrome on WINDOWS (c3712b3a43ab7f864b26b79cbe5b9348)] -> xpath: //a[contains(text(),'buy + sell')]]
2023-07-27 12:07:500 INFO  NewAndUsedCarSearchPage :41 - Verifying new and used car search - carsguide text: [[ChromeDriver: chrome on WINDOWS (c3712b3a43ab7f864b26b79cbe5b9348)] -> xpath: //h1[contains(text(),'New & Used Car Search - carsguide')]]
2023-07-27 12:07:525 INFO  NewAndUsedCarSearchPage :46 - Selecting any make from drop down menu: [[ChromeDriver: chrome on WINDOWS (c3712b3a43ab7f864b26b79cbe5b9348)] -> xpath: //select[@id='makes']]
2023-07-27 12:07:640 INFO  NewAndUsedCarSearchPage :51 - Selecting any model from drop down menu: [[ChromeDriver: chrome on WINDOWS (c3712b3a43ab7f864b26b79cbe5b9348)] -> xpath: //select[@id='models']]
2023-07-27 12:07:856 INFO  NewAndUsedCarSearchPage :56 - Selecting any location from drop down menu: [[ChromeDriver: chrome on WINDOWS (c3712b3a43ab7f864b26b79cbe5b9348)] -> xpath: //select[@id='locations']]
2023-07-27 12:07:956 INFO  NewAndUsedCarSearchPage :61 - Selecting max price from drop down menu: [[ChromeDriver: chrome on WINDOWS (c3712b3a43ab7f864b26b79cbe5b9348)] -> xpath: //select[@id='priceTo']]
2023-07-27 12:07:42 INFO  NewAndUsedCarSearchPage :66 - Clicking on find my next car tab: [[ChromeDriver: chrome on WINDOWS (c3712b3a43ab7f864b26b79cbe5b9348)] -> id: search-submit]
2023-07-27 12:07:823 INFO  ResultsPage :24 - Verifying the make: [[ChromeDriver: chrome on WINDOWS (c3712b3a43ab7f864b26b79cbe5b9348)] -> class name: makeFilter]
2023-07-27 12:07:53 INFO  Homepage :32 - Mouse hovering on buy + sell tab : [[ChromeDriver: chrome on WINDOWS (6e13539ec4b972c3c60c1ad100839118)] -> xpath: //a[contains(text(),'buy + sell')]]
2023-07-27 12:07:392 INFO  Homepage :37 - Mouse hovering and clicking on search cars link: [[ChromeDriver: chrome on WINDOWS (6e13539ec4b972c3c60c1ad100839118)] -> xpath: //a[contains(text(),'buy + sell')]]
2023-07-27 12:07:733 INFO  NewAndUsedCarSearchPage :41 - Verifying new and used car search - carsguide text: [[ChromeDriver: chrome on WINDOWS (6e13539ec4b972c3c60c1ad100839118)] -> xpath: //h1[contains(text(),'New & Used Car Search - carsguide')]]
2023-07-27 12:07:775 INFO  NewAndUsedCarSearchPage :46 - Selecting any make from drop down menu: [[ChromeDriver: chrome on WINDOWS (6e13539ec4b972c3c60c1ad100839118)] -> xpath: //select[@id='makes']]
2023-07-27 12:07:994 INFO  NewAndUsedCarSearchPage :51 - Selecting any model from drop down menu: [[ChromeDriver: chrome on WINDOWS (6e13539ec4b972c3c60c1ad100839118)] -> xpath: //select[@id='models']]
2023-07-27 12:07:128 INFO  NewAndUsedCarSearchPage :56 - Selecting any location from drop down menu: [[ChromeDriver: chrome on WINDOWS (6e13539ec4b972c3c60c1ad100839118)] -> xpath: //select[@id='locations']]
2023-07-27 12:07:256 INFO  NewAndUsedCarSearchPage :61 - Selecting max price from drop down menu: [[ChromeDriver: chrome on WINDOWS (6e13539ec4b972c3c60c1ad100839118)] -> xpath: //select[@id='priceTo']]
2023-07-27 12:07:365 INFO  NewAndUsedCarSearchPage :66 - Clicking on find my next car tab: [[ChromeDriver: chrome on WINDOWS (6e13539ec4b972c3c60c1ad100839118)] -> id: search-submit]
2023-07-27 12:07:148 INFO  ResultsPage :24 - Verifying the make: [[ChromeDriver: chrome on WINDOWS (6e13539ec4b972c3c60c1ad100839118)] -> class name: makeFilter]
2023-07-27 12:07:458 INFO  Homepage :32 - Mouse hovering on buy + sell tab : [[ChromeDriver: chrome on WINDOWS (471b6b3ff61845d1d52e0fc54bc81467)] -> xpath: //a[contains(text(),'buy + sell')]]
2023-07-27 12:07:694 INFO  Homepage :42 - Mouse hovering and clicking on used link: [[ChromeDriver: chrome on WINDOWS (471b6b3ff61845d1d52e0fc54bc81467)] -> xpath: //a[contains(text(),'buy + sell')]]
2023-07-27 12:07:230 INFO  UsedCarSearchPage :24 - Verifying new and used car dor sale text: [[ChromeDriver: chrome on WINDOWS (471b6b3ff61845d1d52e0fc54bc81467)] -> xpath: //h1[contains(text(),'Used Cars For Sale')]]
2023-07-27 12:07:397 INFO  NewAndUsedCarSearchPage :46 - Selecting any make from drop down menu: [[ChromeDriver: chrome on WINDOWS (471b6b3ff61845d1d52e0fc54bc81467)] -> xpath: //select[@id='makes']]
2023-07-27 12:07:498 INFO  NewAndUsedCarSearchPage :51 - Selecting any model from drop down menu: [[ChromeDriver: chrome on WINDOWS (471b6b3ff61845d1d52e0fc54bc81467)] -> xpath: //select[@id='models']]
2023-07-27 12:07:107 INFO  NewAndUsedCarSearchPage :56 - Selecting any location from drop down menu: [[ChromeDriver: chrome on WINDOWS (471b6b3ff61845d1d52e0fc54bc81467)] -> xpath: //select[@id='locations']]
2023-07-27 12:07:180 INFO  NewAndUsedCarSearchPage :61 - Selecting max price from drop down menu: [[ChromeDriver: chrome on WINDOWS (471b6b3ff61845d1d52e0fc54bc81467)] -> xpath: //select[@id='priceTo']]
2023-07-27 12:07:290 INFO  NewAndUsedCarSearchPage :66 - Clicking on find my next car tab: [[ChromeDriver: chrome on WINDOWS (471b6b3ff61845d1d52e0fc54bc81467)] -> id: search-submit]
2023-07-27 12:07:112 INFO  ResultsPage :24 - Verifying the make: [[ChromeDriver: chrome on WINDOWS (471b6b3ff61845d1d52e0fc54bc81467)] -> class name: makeFilter]
2023-07-27 12:07:988 INFO  Homepage :32 - Mouse hovering on buy + sell tab : [[ChromeDriver: chrome on WINDOWS (0819c2837cace17d0ea372e25bf97095)] -> xpath: //a[contains(text(),'buy + sell')]]
2023-07-27 12:07:782 INFO  Homepage :42 - Mouse hovering and clicking on used link: [[ChromeDriver: chrome on WINDOWS (0819c2837cace17d0ea372e25bf97095)] -> xpath: //a[contains(text(),'buy + sell')]]
2023-07-27 12:07:856 INFO  UsedCarSearchPage :24 - Verifying new and used car dor sale text: [[ChromeDriver: chrome on WINDOWS (0819c2837cace17d0ea372e25bf97095)] -> xpath: //h1[contains(text(),'Used Cars For Sale')]]
2023-07-27 12:07:929 INFO  NewAndUsedCarSearchPage :46 - Selecting any make from drop down menu: [[ChromeDriver: chrome on WINDOWS (0819c2837cace17d0ea372e25bf97095)] -> xpath: //select[@id='makes']]
2023-07-27 12:07:75 INFO  NewAndUsedCarSearchPage :51 - Selecting any model from drop down menu: [[ChromeDriver: chrome on WINDOWS (0819c2837cace17d0ea372e25bf97095)] -> xpath: //select[@id='models']]
2023-07-27 12:07:225 INFO  NewAndUsedCarSearchPage :56 - Selecting any location from drop down menu: [[ChromeDriver: chrome on WINDOWS (0819c2837cace17d0ea372e25bf97095)] -> xpath: //select[@id='locations']]
2023-07-27 12:07:304 INFO  NewAndUsedCarSearchPage :61 - Selecting max price from drop down menu: [[ChromeDriver: chrome on WINDOWS (0819c2837cace17d0ea372e25bf97095)] -> xpath: //select[@id='priceTo']]
2023-07-27 12:07:386 INFO  NewAndUsedCarSearchPage :66 - Clicking on find my next car tab: [[ChromeDriver: chrome on WINDOWS (0819c2837cace17d0ea372e25bf97095)] -> id: search-submit]
2023-07-27 12:07:129 INFO  ResultsPage :24 - Verifying the make: [[ChromeDriver: chrome on WINDOWS (0819c2837cace17d0ea372e25bf97095)] -> class name: makeFilter]
2023-07-27 12:07:205 INFO  Homepage :32 - Mouse hovering on buy + sell tab : [[ChromeDriver: chrome on WINDOWS (c4ac08aaad0528b7993a89a18b616017)] -> xpath: //a[contains(text(),'buy + sell')]]
2023-07-27 12:07:391 INFO  Homepage :42 - Mouse hovering and clicking on used link: [[ChromeDriver: chrome on WINDOWS (c4ac08aaad0528b7993a89a18b616017)] -> xpath: //a[contains(text(),'buy + sell')]]
2023-07-27 12:07:396 INFO  UsedCarSearchPage :24 - Verifying new and used car dor sale text: [[ChromeDriver: chrome on WINDOWS (c4ac08aaad0528b7993a89a18b616017)] -> xpath: //h1[contains(text(),'Used Cars For Sale')]]
2023-07-27 12:07:463 INFO  NewAndUsedCarSearchPage :46 - Selecting any make from drop down menu: [[ChromeDriver: chrome on WINDOWS (c4ac08aaad0528b7993a89a18b616017)] -> xpath: //select[@id='makes']]
2023-07-27 12:07:624 INFO  NewAndUsedCarSearchPage :51 - Selecting any model from drop down menu: [[ChromeDriver: chrome on WINDOWS (c4ac08aaad0528b7993a89a18b616017)] -> xpath: //select[@id='models']]
2023-07-27 12:07:829 INFO  NewAndUsedCarSearchPage :56 - Selecting any location from drop down menu: [[ChromeDriver: chrome on WINDOWS (c4ac08aaad0528b7993a89a18b616017)] -> xpath: //select[@id='locations']]
2023-07-27 12:07:973 INFO  NewAndUsedCarSearchPage :61 - Selecting max price from drop down menu: [[ChromeDriver: chrome on WINDOWS (c4ac08aaad0528b7993a89a18b616017)] -> xpath: //select[@id='priceTo']]
2023-07-27 12:07:92 INFO  NewAndUsedCarSearchPage :66 - Clicking on find my next car tab: [[ChromeDriver: chrome on WINDOWS (c4ac08aaad0528b7993a89a18b616017)] -> id: search-submit]
2023-07-27 12:07:378 INFO  ResultsPage :24 - Verifying the make: [[ChromeDriver: chrome on WINDOWS (c4ac08aaad0528b7993a89a18b616017)] -> class name: makeFilter]
2023-07-27 12:07:546 INFO  Homepage :32 - Mouse hovering on buy + sell tab : [[ChromeDriver: chrome on WINDOWS (cb829f6208582d5ec10d21f0d32d6663)] -> xpath: //a[contains(text(),'buy + sell')]]
2023-07-27 12:07:762 INFO  Homepage :42 - Mouse hovering and clicking on used link: [[ChromeDriver: chrome on WINDOWS (cb829f6208582d5ec10d21f0d32d6663)] -> xpath: //a[contains(text(),'buy + sell')]]
2023-07-27 12:07:730 INFO  UsedCarSearchPage :24 - Verifying new and used car dor sale text: [[ChromeDriver: chrome on WINDOWS (cb829f6208582d5ec10d21f0d32d6663)] -> xpath: //h1[contains(text(),'Used Cars For Sale')]]
2023-07-27 12:07:803 INFO  NewAndUsedCarSearchPage :46 - Selecting any make from drop down menu: [[ChromeDriver: chrome on WINDOWS (cb829f6208582d5ec10d21f0d32d6663)] -> xpath: //select[@id='makes']]
2023-07-27 12:07:901 INFO  NewAndUsedCarSearchPage :51 - Selecting any model from drop down menu: [[ChromeDriver: chrome on WINDOWS (cb829f6208582d5ec10d21f0d32d6663)] -> xpath: //select[@id='models']]
2023-07-27 12:07:66 INFO  NewAndUsedCarSearchPage :56 - Selecting any location from drop down menu: [[ChromeDriver: chrome on WINDOWS (cb829f6208582d5ec10d21f0d32d6663)] -> xpath: //select[@id='locations']]
2023-07-27 12:07:178 INFO  NewAndUsedCarSearchPage :61 - Selecting max price from drop down menu: [[ChromeDriver: chrome on WINDOWS (cb829f6208582d5ec10d21f0d32d6663)] -> xpath: //select[@id='priceTo']]
2023-07-27 12:07:263 INFO  NewAndUsedCarSearchPage :66 - Clicking on find my next car tab: [[ChromeDriver: chrome on WINDOWS (cb829f6208582d5ec10d21f0d32d6663)] -> id: search-submit]
2023-07-27 12:07:794 INFO  ResultsPage :24 - Verifying the make: [[ChromeDriver: chrome on WINDOWS (cb829f6208582d5ec10d21f0d32d6663)] -> class name: makeFilter]
2023-07-27 12:07:352 INFO  Homepage :32 - Mouse hovering on buy + sell tab : [[ChromeDriver: chrome on WINDOWS (f8c8011995e80c3ec45baf9c196aa18c)] -> xpath: //a[contains(text(),'buy + sell')]]
2023-07-27 12:07:631 INFO  Homepage :42 - Mouse hovering and clicking on used link: [[ChromeDriver: chrome on WINDOWS (f8c8011995e80c3ec45baf9c196aa18c)] -> xpath: //a[contains(text(),'buy + sell')]]
2023-07-27 12:07:982 INFO  UsedCarSearchPage :24 - Verifying new and used car dor sale text: [[ChromeDriver: chrome on WINDOWS (f8c8011995e80c3ec45baf9c196aa18c)] -> xpath: //h1[contains(text(),'Used Cars For Sale')]]
2023-07-27 12:07:189 INFO  NewAndUsedCarSearchPage :46 - Selecting any make from drop down menu: [[ChromeDriver: chrome on WINDOWS (f8c8011995e80c3ec45baf9c196aa18c)] -> xpath: //select[@id='makes']]
2023-07-27 12:07:318 INFO  NewAndUsedCarSearchPage :51 - Selecting any model from drop down menu: [[ChromeDriver: chrome on WINDOWS (f8c8011995e80c3ec45baf9c196aa18c)] -> xpath: //select[@id='models']]
2023-07-27 12:07:517 INFO  NewAndUsedCarSearchPage :56 - Selecting any location from drop down menu: [[ChromeDriver: chrome on WINDOWS (f8c8011995e80c3ec45baf9c196aa18c)] -> xpath: //select[@id='locations']]
2023-07-27 12:07:629 INFO  NewAndUsedCarSearchPage :61 - Selecting max price from drop down menu: [[ChromeDriver: chrome on WINDOWS (f8c8011995e80c3ec45baf9c196aa18c)] -> xpath: //select[@id='priceTo']]
2023-07-27 12:07:742 INFO  NewAndUsedCarSearchPage :66 - Clicking on find my next car tab: [[ChromeDriver: chrome on WINDOWS (f8c8011995e80c3ec45baf9c196aa18c)] -> id: search-submit]
2023-07-27 12:07:334 INFO  ResultsPage :24 - Verifying the make: [[ChromeDriver: chrome on WINDOWS (f8c8011995e80c3ec45baf9c196aa18c)] -> class name: makeFilter]
2023-07-27 12:07:712 INFO  Homepage :32 - Mouse hovering on buy + sell tab : [[ChromeDriver: chrome on WINDOWS (c130f1ca09fc2308b00bc2f200f7360e)] -> xpath: //a[contains(text(),'buy + sell')]]
2023-07-27 12:07:964 INFO  Homepage :42 - Mouse hovering and clicking on used link: [[ChromeDriver: chrome on WINDOWS (c130f1ca09fc2308b00bc2f200f7360e)] -> xpath: //a[contains(text(),'buy + sell')]]
2023-07-27 12:07:877 INFO  UsedCarSearchPage :24 - Verifying new and used car dor sale text: [[ChromeDriver: chrome on WINDOWS (c130f1ca09fc2308b00bc2f200f7360e)] -> xpath: //h1[contains(text(),'Used Cars For Sale')]]
2023-07-27 12:07:13 INFO  NewAndUsedCarSearchPage :46 - Selecting any make from drop down menu: [[ChromeDriver: chrome on WINDOWS (c130f1ca09fc2308b00bc2f200f7360e)] -> xpath: //select[@id='makes']]
2023-07-27 12:07:107 INFO  NewAndUsedCarSearchPage :51 - Selecting any model from drop down menu: [[ChromeDriver: chrome on WINDOWS (c130f1ca09fc2308b00bc2f200f7360e)] -> xpath: //select[@id='models']]
2023-07-27 12:07:240 INFO  NewAndUsedCarSearchPage :56 - Selecting any location from drop down menu: [[ChromeDriver: chrome on WINDOWS (c130f1ca09fc2308b00bc2f200f7360e)] -> xpath: //select[@id='locations']]
2023-07-27 12:07:394 INFO  NewAndUsedCarSearchPage :61 - Selecting max price from drop down menu: [[ChromeDriver: chrome on WINDOWS (c130f1ca09fc2308b00bc2f200f7360e)] -> xpath: //select[@id='priceTo']]
2023-07-27 12:07:498 INFO  NewAndUsedCarSearchPage :66 - Clicking on find my next car tab: [[ChromeDriver: chrome on WINDOWS (c130f1ca09fc2308b00bc2f200f7360e)] -> id: search-submit]
2023-07-27 12:07:467 INFO  ResultsPage :24 - Verifying the make: [[ChromeDriver: chrome on WINDOWS (c130f1ca09fc2308b00bc2f200f7360e)] -> class name: makeFilter]
2023-07-27 13:07:727 INFO  Homepage :35 - Mouse hovering on buy + sell tab : [[ChromeDriver: chrome on WINDOWS (1aa6c031964e3d16aae04b5e96e65d57)] -> xpath: //a[contains(text(),'buy + sell')]]
2023-07-27 13:07:937 INFO  Homepage :50 - Mouse hovering and clicking on find a dealer link: [[ChromeDriver: chrome on WINDOWS (1aa6c031964e3d16aae04b5e96e65d57)] -> link text: Find a Dealer]
2023-07-27 13:07:436 INFO  CarDealersPage :28 - Verifying Find a Car Dealership Near You text: [[ChromeDriver: chrome on WINDOWS (1aa6c031964e3d16aae04b5e96e65d57)] -> xpath: //h1[contains(text(),'Find a Car Dealership Near You')]]
2023-07-27 13:07:872 INFO  Homepage :35 - Mouse hovering on buy + sell tab : [[ChromeDriver: chrome on WINDOWS (a340783ae0196f7cd097d39dc5b898b1)] -> xpath: //a[contains(text(),'buy + sell')]]
2023-07-27 13:07:181 INFO  Homepage :50 - Mouse hovering and clicking on find a dealer link: [[ChromeDriver: chrome on WINDOWS (a340783ae0196f7cd097d39dc5b898b1)] -> link text: Find a Dealer]
2023-07-27 13:07:812 INFO  CarDealersPage :28 - Verifying Find a Car Dealership Near You text: [[ChromeDriver: chrome on WINDOWS (a340783ae0196f7cd097d39dc5b898b1)] -> xpath: //h1[contains(text(),'Find a Car Dealership Near You')]]
2023-07-27 13:07:427 INFO  Homepage :35 - Mouse hovering on buy + sell tab : [[ChromeDriver: chrome on WINDOWS (3465143b1b596eafeed8b15370dd7869)] -> xpath: //a[contains(text(),'buy + sell')]]
2023-07-27 13:07:161 INFO  Homepage :50 - Mouse hovering and clicking on find a dealer link: [[ChromeDriver: chrome on WINDOWS (3465143b1b596eafeed8b15370dd7869)] -> link text: Find a Dealer]
2023-07-27 13:07:796 INFO  CarDealersPage :28 - Verifying Find a Car Dealership Near You text: [[ChromeDriver: chrome on WINDOWS (3465143b1b596eafeed8b15370dd7869)] -> xpath: //h1[contains(text(),'Find a Car Dealership Near You')]]
2023-07-27 14:07:666 INFO  Homepage :35 - Mouse hovering on buy + sell tab : [[ChromeDriver: chrome on WINDOWS (72dc109a353c96e226e3825ce888e587)] -> xpath: //a[contains(text(),'buy + sell')]]
2023-07-27 14:07:131 INFO  Homepage :50 - Mouse hovering and clicking on find a dealer link: [[ChromeDriver: chrome on WINDOWS (72dc109a353c96e226e3825ce888e587)] -> link text: Find a Dealer]
2023-07-27 14:07:253 INFO  CarDealersPage :30 - Verifying Find a Car Dealership Near You text: [[ChromeDriver: chrome on WINDOWS (72dc109a353c96e226e3825ce888e587)] -> xpath: //h1[contains(text(),'Find a Car Dealership Near You')]]
2023-07-27 14:07:386 INFO  Homepage :35 - Mouse hovering on buy + sell tab : [[ChromeDriver: chrome on WINDOWS (d1de4b8e3b924a8bb16a122c5ad285d2)] -> xpath: //a[contains(text(),'buy + sell')]]
2023-07-27 14:07:707 INFO  Homepage :50 - Mouse hovering and clicking on find a dealer link: [[ChromeDriver: chrome on WINDOWS (d1de4b8e3b924a8bb16a122c5ad285d2)] -> link text: Find a Dealer]
2023-07-27 14:07:799 INFO  CarDealersPage :30 - Verifying Find a Car Dealership Near You text: [[ChromeDriver: chrome on WINDOWS (d1de4b8e3b924a8bb16a122c5ad285d2)] -> xpath: //h1[contains(text(),'Find a Car Dealership Near You')]]
2023-07-27 14:07:470 INFO  Homepage :35 - Mouse hovering on buy + sell tab : [[ChromeDriver: chrome on WINDOWS (4d0ea4b693a3673cf5c4a25947ed681f)] -> xpath: //a[contains(text(),'buy + sell')]]
2023-07-27 14:07:707 INFO  Homepage :50 - Mouse hovering and clicking on find a dealer link: [[ChromeDriver: chrome on WINDOWS (4d0ea4b693a3673cf5c4a25947ed681f)] -> link text: Find a Dealer]
2023-07-27 14:07:856 INFO  CarDealersPage :30 - Verifying Find a Car Dealership Near You text: [[ChromeDriver: chrome on WINDOWS (4d0ea4b693a3673cf5c4a25947ed681f)] -> xpath: //h1[contains(text(),'Find a Car Dealership Near You')]]
2023-07-27 16:07:19 INFO  Homepage :35 - Mouse hovering on buy + sell tab : [[ChromeDriver: chrome on WINDOWS (40da7a1e961419c4844b7a13a13e1521)] -> xpath: //a[contains(text(),'buy + sell')]]
2023-07-27 16:07:766 INFO  Homepage :40 - Mouse hovering and clicking on search cars link: [[ChromeDriver: chrome on WINDOWS (40da7a1e961419c4844b7a13a13e1521)] -> xpath: //a[contains(text(),'buy + sell')]]
2023-07-27 16:07:488 INFO  NewAndUsedCarSearchPage :41 - Verifying new and used car search - carsguide text: [[ChromeDriver: chrome on WINDOWS (40da7a1e961419c4844b7a13a13e1521)] -> xpath: //h1[contains(text(),'New & Used Car Search - carsguide')]]
2023-07-27 16:07:604 INFO  NewAndUsedCarSearchPage :46 - Selecting any make from drop down menu: [[ChromeDriver: chrome on WINDOWS (40da7a1e961419c4844b7a13a13e1521)] -> xpath: //select[@id='makes']]
2023-07-27 16:07:829 INFO  NewAndUsedCarSearchPage :51 - Selecting any model from drop down menu: [[ChromeDriver: chrome on WINDOWS (40da7a1e961419c4844b7a13a13e1521)] -> xpath: //select[@id='models']]
2023-07-27 16:07:102 INFO  NewAndUsedCarSearchPage :56 - Selecting any location from drop down menu: [[ChromeDriver: chrome on WINDOWS (40da7a1e961419c4844b7a13a13e1521)] -> xpath: //select[@id='locations']]
2023-07-27 16:07:448 INFO  NewAndUsedCarSearchPage :61 - Selecting max price from drop down menu: [[ChromeDriver: chrome on WINDOWS (40da7a1e961419c4844b7a13a13e1521)] -> xpath: //select[@id='priceTo']]
2023-07-27 16:07:804 INFO  NewAndUsedCarSearchPage :66 - Clicking on find my next car tab: [[ChromeDriver: chrome on WINDOWS (40da7a1e961419c4844b7a13a13e1521)] -> id: search-submit]
2023-07-27 16:07:578 INFO  ResultsPage :24 - Verifying the make: [[ChromeDriver: chrome on WINDOWS (40da7a1e961419c4844b7a13a13e1521)] -> class name: makeFilter]
2023-07-27 16:07:881 INFO  Homepage :35 - Mouse hovering on buy + sell tab : [[ChromeDriver: chrome on WINDOWS (45a025702062a21bbd60837ce308a78c)] -> xpath: //a[contains(text(),'buy + sell')]]
2023-07-27 16:07:796 INFO  Homepage :40 - Mouse hovering and clicking on search cars link: [[ChromeDriver: chrome on WINDOWS (45a025702062a21bbd60837ce308a78c)] -> xpath: //a[contains(text(),'buy + sell')]]
2023-07-27 16:07:940 INFO  NewAndUsedCarSearchPage :41 - Verifying new and used car search - carsguide text: [[ChromeDriver: chrome on WINDOWS (45a025702062a21bbd60837ce308a78c)] -> xpath: //h1[contains(text(),'New & Used Car Search - carsguide')]]
2023-07-27 16:07:12 INFO  NewAndUsedCarSearchPage :46 - Selecting any make from drop down menu: [[ChromeDriver: chrome on WINDOWS (45a025702062a21bbd60837ce308a78c)] -> xpath: //select[@id='makes']]
2023-07-27 16:07:340 INFO  NewAndUsedCarSearchPage :51 - Selecting any model from drop down menu: [[ChromeDriver: chrome on WINDOWS (45a025702062a21bbd60837ce308a78c)] -> xpath: //select[@id='models']]
2023-07-27 16:07:649 INFO  NewAndUsedCarSearchPage :56 - Selecting any location from drop down menu: [[ChromeDriver: chrome on WINDOWS (45a025702062a21bbd60837ce308a78c)] -> xpath: //select[@id='locations']]
2023-07-27 16:07:988 INFO  NewAndUsedCarSearchPage :61 - Selecting max price from drop down menu: [[ChromeDriver: chrome on WINDOWS (45a025702062a21bbd60837ce308a78c)] -> xpath: //select[@id='priceTo']]
2023-07-27 16:07:281 INFO  NewAndUsedCarSearchPage :66 - Clicking on find my next car tab: [[ChromeDriver: chrome on WINDOWS (45a025702062a21bbd60837ce308a78c)] -> id: search-submit]
2023-07-27 16:07:751 INFO  ResultsPage :24 - Verifying the make: [[ChromeDriver: chrome on WINDOWS (45a025702062a21bbd60837ce308a78c)] -> class name: makeFilter]
2023-07-27 16:07:54 INFO  Homepage :35 - Mouse hovering on buy + sell tab : [[ChromeDriver: chrome on WINDOWS (f6a7946db267a3522ce99100529da694)] -> xpath: //a[contains(text(),'buy + sell')]]
2023-07-27 16:07:971 INFO  Homepage :40 - Mouse hovering and clicking on search cars link: [[ChromeDriver: chrome on WINDOWS (f6a7946db267a3522ce99100529da694)] -> xpath: //a[contains(text(),'buy + sell')]]
2023-07-27 16:07:453 INFO  NewAndUsedCarSearchPage :41 - Verifying new and used car search - carsguide text: [[ChromeDriver: chrome on WINDOWS (f6a7946db267a3522ce99100529da694)] -> xpath: //h1[contains(text(),'New & Used Car Search - carsguide')]]
2023-07-27 16:07:542 INFO  NewAndUsedCarSearchPage :46 - Selecting any make from drop down menu: [[ChromeDriver: chrome on WINDOWS (f6a7946db267a3522ce99100529da694)] -> xpath: //select[@id='makes']]
2023-07-27 16:07:918 INFO  NewAndUsedCarSearchPage :51 - Selecting any model from drop down menu: [[ChromeDriver: chrome on WINDOWS (f6a7946db267a3522ce99100529da694)] -> xpath: //select[@id='models']]
2023-07-27 16:07:387 INFO  NewAndUsedCarSearchPage :56 - Selecting any location from drop down menu: [[ChromeDriver: chrome on WINDOWS (f6a7946db267a3522ce99100529da694)] -> xpath: //select[@id='locations']]
2023-07-27 16:07:788 INFO  NewAndUsedCarSearchPage :61 - Selecting max price from drop down menu: [[ChromeDriver: chrome on WINDOWS (f6a7946db267a3522ce99100529da694)] -> xpath: //select[@id='priceTo']]
2023-07-27 16:07:204 INFO  NewAndUsedCarSearchPage :66 - Clicking on find my next car tab: [[ChromeDriver: chrome on WINDOWS (f6a7946db267a3522ce99100529da694)] -> id: search-submit]
2023-07-27 16:07:342 INFO  ResultsPage :24 - Verifying the make: [[ChromeDriver: chrome on WINDOWS (f6a7946db267a3522ce99100529da694)] -> class name: makeFilter]
2023-07-27 16:07:928 INFO  Homepage :35 - Mouse hovering on buy + sell tab : [[ChromeDriver: chrome on WINDOWS (32efd0994f322e414a2c10b8fe04d6bf)] -> xpath: //a[contains(text(),'buy + sell')]]
2023-07-27 16:07:472 INFO  Homepage :40 - Mouse hovering and clicking on search cars link: [[ChromeDriver: chrome on WINDOWS (32efd0994f322e414a2c10b8fe04d6bf)] -> xpath: //a[contains(text(),'buy + sell')]]
2023-07-27 16:07:606 INFO  NewAndUsedCarSearchPage :41 - Verifying new and used car search - carsguide text: [[ChromeDriver: chrome on WINDOWS (32efd0994f322e414a2c10b8fe04d6bf)] -> xpath: //h1[contains(text(),'New & Used Car Search - carsguide')]]
2023-07-27 16:07:666 INFO  NewAndUsedCarSearchPage :46 - Selecting any make from drop down menu: [[ChromeDriver: chrome on WINDOWS (32efd0994f322e414a2c10b8fe04d6bf)] -> xpath: //select[@id='makes']]
2023-07-27 16:07:948 INFO  NewAndUsedCarSearchPage :51 - Selecting any model from drop down menu: [[ChromeDriver: chrome on WINDOWS (32efd0994f322e414a2c10b8fe04d6bf)] -> xpath: //select[@id='models']]
2023-07-27 16:07:209 INFO  NewAndUsedCarSearchPage :56 - Selecting any location from drop down menu: [[ChromeDriver: chrome on WINDOWS (32efd0994f322e414a2c10b8fe04d6bf)] -> xpath: //select[@id='locations']]
2023-07-27 16:07:532 INFO  NewAndUsedCarSearchPage :61 - Selecting max price from drop down menu: [[ChromeDriver: chrome on WINDOWS (32efd0994f322e414a2c10b8fe04d6bf)] -> xpath: //select[@id='priceTo']]
2023-07-27 16:07:855 INFO  NewAndUsedCarSearchPage :66 - Clicking on find my next car tab: [[ChromeDriver: chrome on WINDOWS (32efd0994f322e414a2c10b8fe04d6bf)] -> id: search-submit]
2023-07-27 16:07:193 INFO  ResultsPage :24 - Verifying the make: [[ChromeDriver: chrome on WINDOWS (32efd0994f322e414a2c10b8fe04d6bf)] -> class name: makeFilter]
2023-07-27 16:07:156 INFO  Homepage :35 - Mouse hovering on buy + sell tab : [[ChromeDriver: chrome on WINDOWS (87ba3997505a7f48cb4b17197cf91d25)] -> xpath: //a[contains(text(),'buy + sell')]]
2023-07-27 16:07:702 INFO  Homepage :40 - Mouse hovering and clicking on search cars link: [[ChromeDriver: chrome on WINDOWS (87ba3997505a7f48cb4b17197cf91d25)] -> xpath: //a[contains(text(),'buy + sell')]]
2023-07-27 16:07:638 INFO  NewAndUsedCarSearchPage :41 - Verifying new and used car search - carsguide text: [[ChromeDriver: chrome on WINDOWS (87ba3997505a7f48cb4b17197cf91d25)] -> xpath: //h1[contains(text(),'New & Used Car Search - carsguide')]]
2023-07-27 16:07:730 INFO  NewAndUsedCarSearchPage :46 - Selecting any make from drop down menu: [[ChromeDriver: chrome on WINDOWS (87ba3997505a7f48cb4b17197cf91d25)] -> xpath: //select[@id='makes']]
2023-07-27 16:07:138 INFO  NewAndUsedCarSearchPage :51 - Selecting any model from drop down menu: [[ChromeDriver: chrome on WINDOWS (87ba3997505a7f48cb4b17197cf91d25)] -> xpath: //select[@id='models']]
2023-07-27 16:07:502 INFO  NewAndUsedCarSearchPage :56 - Selecting any location from drop down menu: [[ChromeDriver: chrome on WINDOWS (87ba3997505a7f48cb4b17197cf91d25)] -> xpath: //select[@id='locations']]
2023-07-27 16:07:870 INFO  NewAndUsedCarSearchPage :61 - Selecting max price from drop down menu: [[ChromeDriver: chrome on WINDOWS (87ba3997505a7f48cb4b17197cf91d25)] -> xpath: //select[@id='priceTo']]
2023-07-27 16:07:316 INFO  NewAndUsedCarSearchPage :66 - Clicking on find my next car tab: [[ChromeDriver: chrome on WINDOWS (87ba3997505a7f48cb4b17197cf91d25)] -> id: search-submit]
2023-07-27 16:07:898 INFO  ResultsPage :24 - Verifying the make: [[ChromeDriver: chrome on WINDOWS (87ba3997505a7f48cb4b17197cf91d25)] -> class name: makeFilter]
2023-07-27 16:07:26 INFO  Homepage :35 - Mouse hovering on buy + sell tab : [[ChromeDriver: chrome on WINDOWS (d79f54504da1fe1ce21e8456dcdbf65c)] -> xpath: //a[contains(text(),'buy + sell')]]
2023-07-27 16:07:362 INFO  Homepage :40 - Mouse hovering and clicking on search cars link: [[ChromeDriver: chrome on WINDOWS (d79f54504da1fe1ce21e8456dcdbf65c)] -> xpath: //a[contains(text(),'buy + sell')]]
2023-07-27 16:07:317 INFO  NewAndUsedCarSearchPage :41 - Verifying new and used car search - carsguide text: [[ChromeDriver: chrome on WINDOWS (d79f54504da1fe1ce21e8456dcdbf65c)] -> xpath: //h1[contains(text(),'New & Used Car Search - carsguide')]]
2023-07-27 16:07:402 INFO  NewAndUsedCarSearchPage :46 - Selecting any make from drop down menu: [[ChromeDriver: chrome on WINDOWS (d79f54504da1fe1ce21e8456dcdbf65c)] -> xpath: //select[@id='makes']]
2023-07-27 16:07:717 INFO  NewAndUsedCarSearchPage :51 - Selecting any model from drop down menu: [[ChromeDriver: chrome on WINDOWS (d79f54504da1fe1ce21e8456dcdbf65c)] -> xpath: //select[@id='models']]
2023-07-27 16:07:74 INFO  NewAndUsedCarSearchPage :56 - Selecting any location from drop down menu: [[ChromeDriver: chrome on WINDOWS (d79f54504da1fe1ce21e8456dcdbf65c)] -> xpath: //select[@id='locations']]
2023-07-27 16:07:498 INFO  NewAndUsedCarSearchPage :61 - Selecting max price from drop down menu: [[ChromeDriver: chrome on WINDOWS (d79f54504da1fe1ce21e8456dcdbf65c)] -> xpath: //select[@id='priceTo']]
2023-07-27 16:07:843 INFO  NewAndUsedCarSearchPage :66 - Clicking on find my next car tab: [[ChromeDriver: chrome on WINDOWS (d79f54504da1fe1ce21e8456dcdbf65c)] -> id: search-submit]
2023-07-27 16:07:587 INFO  ResultsPage :24 - Verifying the make: [[ChromeDriver: chrome on WINDOWS (d79f54504da1fe1ce21e8456dcdbf65c)] -> class name: makeFilter]
2023-07-27 16:07:509 INFO  Homepage :35 - Mouse hovering on buy + sell tab : [[ChromeDriver: chrome on WINDOWS (f3f8a9db6d4342d7208d6fe9baa24c61)] -> xpath: //a[contains(text(),'buy + sell')]]
2023-07-27 16:07:920 INFO  Homepage :45 - Mouse hovering and clicking on used link: [[ChromeDriver: chrome on WINDOWS (f3f8a9db6d4342d7208d6fe9baa24c61)] -> xpath: //a[contains(text(),'buy + sell')]]
2023-07-27 16:07:52 INFO  UsedCarSearchPage :24 - Verifying new and used car dor sale text: [[ChromeDriver: chrome on WINDOWS (f3f8a9db6d4342d7208d6fe9baa24c61)] -> xpath: //h1[contains(text(),'Used Cars For Sale')]]
2023-07-27 16:07:117 INFO  NewAndUsedCarSearchPage :46 - Selecting any make from drop down menu: [[ChromeDriver: chrome on WINDOWS (f3f8a9db6d4342d7208d6fe9baa24c61)] -> xpath: //select[@id='makes']]
2023-07-27 16:07:502 INFO  NewAndUsedCarSearchPage :51 - Selecting any model from drop down menu: [[ChromeDriver: chrome on WINDOWS (f3f8a9db6d4342d7208d6fe9baa24c61)] -> xpath: //select[@id='models']]
2023-07-27 16:07:915 INFO  NewAndUsedCarSearchPage :56 - Selecting any location from drop down menu: [[ChromeDriver: chrome on WINDOWS (f3f8a9db6d4342d7208d6fe9baa24c61)] -> xpath: //select[@id='locations']]
2023-07-27 16:07:279 INFO  NewAndUsedCarSearchPage :61 - Selecting max price from drop down menu: [[ChromeDriver: chrome on WINDOWS (f3f8a9db6d4342d7208d6fe9baa24c61)] -> xpath: //select[@id='priceTo']]
2023-07-27 16:07:589 INFO  NewAndUsedCarSearchPage :66 - Clicking on find my next car tab: [[ChromeDriver: chrome on WINDOWS (f3f8a9db6d4342d7208d6fe9baa24c61)] -> id: search-submit]
2023-07-27 16:07:339 INFO  ResultsPage :24 - Verifying the make: [[ChromeDriver: chrome on WINDOWS (f3f8a9db6d4342d7208d6fe9baa24c61)] -> class name: makeFilter]
2023-07-27 16:07:306 INFO  Homepage :35 - Mouse hovering on buy + sell tab : [[ChromeDriver: chrome on WINDOWS (22bc85607107ba37d5ce128a21b4362b)] -> xpath: //a[contains(text(),'buy + sell')]]
2023-07-27 16:07:286 INFO  Homepage :45 - Mouse hovering and clicking on used link: [[ChromeDriver: chrome on WINDOWS (22bc85607107ba37d5ce128a21b4362b)] -> xpath: //a[contains(text(),'buy + sell')]]
2023-07-27 16:07:544 INFO  UsedCarSearchPage :24 - Verifying new and used car dor sale text: [[ChromeDriver: chrome on WINDOWS (22bc85607107ba37d5ce128a21b4362b)] -> xpath: //h1[contains(text(),'Used Cars For Sale')]]
2023-07-27 16:07:620 INFO  NewAndUsedCarSearchPage :46 - Selecting any make from drop down menu: [[ChromeDriver: chrome on WINDOWS (22bc85607107ba37d5ce128a21b4362b)] -> xpath: //select[@id='makes']]
2023-07-27 16:07:828 INFO  NewAndUsedCarSearchPage :51 - Selecting any model from drop down menu: [[ChromeDriver: chrome on WINDOWS (22bc85607107ba37d5ce128a21b4362b)] -> xpath: //select[@id='models']]
2023-07-27 16:07:196 INFO  NewAndUsedCarSearchPage :56 - Selecting any location from drop down menu: [[ChromeDriver: chrome on WINDOWS (22bc85607107ba37d5ce128a21b4362b)] -> xpath: //select[@id='locations']]
2023-07-27 16:07:441 INFO  NewAndUsedCarSearchPage :61 - Selecting max price from drop down menu: [[ChromeDriver: chrome on WINDOWS (22bc85607107ba37d5ce128a21b4362b)] -> xpath: //select[@id='priceTo']]
2023-07-27 16:07:726 INFO  NewAndUsedCarSearchPage :66 - Clicking on find my next car tab: [[ChromeDriver: chrome on WINDOWS (22bc85607107ba37d5ce128a21b4362b)] -> id: search-submit]
2023-07-27 17:07:641 INFO  ResultsPage :24 - Verifying the make: [[ChromeDriver: chrome on WINDOWS (22bc85607107ba37d5ce128a21b4362b)] -> class name: makeFilter]
2023-07-27 17:07:727 INFO  Homepage :35 - Mouse hovering on buy + sell tab : [[ChromeDriver: chrome on WINDOWS (a687b9c52d0c15faaf42731301efafaf)] -> xpath: //a[contains(text(),'buy + sell')]]
2023-07-27 17:07:725 INFO  Homepage :45 - Mouse hovering and clicking on used link: [[ChromeDriver: chrome on WINDOWS (a687b9c52d0c15faaf42731301efafaf)] -> xpath: //a[contains(text(),'buy + sell')]]
2023-07-27 17:07:310 INFO  UsedCarSearchPage :24 - Verifying new and used car dor sale text: [[ChromeDriver: chrome on WINDOWS (a687b9c52d0c15faaf42731301efafaf)] -> xpath: //h1[contains(text(),'Used Cars For Sale')]]
2023-07-27 17:07:392 INFO  NewAndUsedCarSearchPage :46 - Selecting any make from drop down menu: [[ChromeDriver: chrome on WINDOWS (a687b9c52d0c15faaf42731301efafaf)] -> xpath: //select[@id='makes']]
2023-07-27 17:07:741 INFO  NewAndUsedCarSearchPage :51 - Selecting any model from drop down menu: [[ChromeDriver: chrome on WINDOWS (a687b9c52d0c15faaf42731301efafaf)] -> xpath: //select[@id='models']]
2023-07-27 17:07:63 INFO  NewAndUsedCarSearchPage :56 - Selecting any location from drop down menu: [[ChromeDriver: chrome on WINDOWS (a687b9c52d0c15faaf42731301efafaf)] -> xpath: //select[@id='locations']]
2023-07-27 17:07:391 INFO  NewAndUsedCarSearchPage :61 - Selecting max price from drop down menu: [[ChromeDriver: chrome on WINDOWS (a687b9c52d0c15faaf42731301efafaf)] -> xpath: //select[@id='priceTo']]
2023-07-27 17:07:683 INFO  NewAndUsedCarSearchPage :66 - Clicking on find my next car tab: [[ChromeDriver: chrome on WINDOWS (a687b9c52d0c15faaf42731301efafaf)] -> id: search-submit]
2023-07-27 17:07:290 INFO  ResultsPage :24 - Verifying the make: [[ChromeDriver: chrome on WINDOWS (a687b9c52d0c15faaf42731301efafaf)] -> class name: makeFilter]
2023-07-27 17:07:661 INFO  Homepage :35 - Mouse hovering on buy + sell tab : [[ChromeDriver: chrome on WINDOWS (9e798f82edf1e0b20b48b080199b6608)] -> xpath: //a[contains(text(),'buy + sell')]]
2023-07-27 17:07:503 INFO  Homepage :45 - Mouse hovering and clicking on used link: [[ChromeDriver: chrome on WINDOWS (9e798f82edf1e0b20b48b080199b6608)] -> xpath: //a[contains(text(),'buy + sell')]]
2023-07-27 17:07:264 INFO  UsedCarSearchPage :24 - Verifying new and used car dor sale text: [[ChromeDriver: chrome on WINDOWS (9e798f82edf1e0b20b48b080199b6608)] -> xpath: //h1[contains(text(),'Used Cars For Sale')]]
2023-07-27 17:07:401 INFO  NewAndUsedCarSearchPage :46 - Selecting any make from drop down menu: [[ChromeDriver: chrome on WINDOWS (9e798f82edf1e0b20b48b080199b6608)] -> xpath: //select[@id='makes']]
2023-07-27 17:07:598 INFO  NewAndUsedCarSearchPage :51 - Selecting any model from drop down menu: [[ChromeDriver: chrome on WINDOWS (9e798f82edf1e0b20b48b080199b6608)] -> xpath: //select[@id='models']]
2023-07-27 17:07:863 INFO  NewAndUsedCarSearchPage :56 - Selecting any location from drop down menu: [[ChromeDriver: chrome on WINDOWS (9e798f82edf1e0b20b48b080199b6608)] -> xpath: //select[@id='locations']]
2023-07-27 17:07:112 INFO  NewAndUsedCarSearchPage :61 - Selecting max price from drop down menu: [[ChromeDriver: chrome on WINDOWS (9e798f82edf1e0b20b48b080199b6608)] -> xpath: //select[@id='priceTo']]
2023-07-27 17:07:340 INFO  NewAndUsedCarSearchPage :66 - Clicking on find my next car tab: [[ChromeDriver: chrome on WINDOWS (9e798f82edf1e0b20b48b080199b6608)] -> id: search-submit]
2023-07-27 17:07:509 INFO  ResultsPage :24 - Verifying the make: [[ChromeDriver: chrome on WINDOWS (9e798f82edf1e0b20b48b080199b6608)] -> class name: makeFilter]
2023-07-27 17:07:702 INFO  Homepage :35 - Mouse hovering on buy + sell tab : [[ChromeDriver: chrome on WINDOWS (4f31a3df472d48a56674dedadce964de)] -> xpath: //a[contains(text(),'buy + sell')]]
2023-07-27 17:07:727 INFO  Homepage :45 - Mouse hovering and clicking on used link: [[ChromeDriver: chrome on WINDOWS (4f31a3df472d48a56674dedadce964de)] -> xpath: //a[contains(text(),'buy + sell')]]
2023-07-27 17:07:786 INFO  UsedCarSearchPage :24 - Verifying new and used car dor sale text: [[ChromeDriver: chrome on WINDOWS (4f31a3df472d48a56674dedadce964de)] -> xpath: //h1[contains(text(),'Used Cars For Sale')]]
2023-07-27 17:07:838 INFO  NewAndUsedCarSearchPage :46 - Selecting any make from drop down menu: [[ChromeDriver: chrome on WINDOWS (4f31a3df472d48a56674dedadce964de)] -> xpath: //select[@id='makes']]
2023-07-27 17:07:40 INFO  NewAndUsedCarSearchPage :51 - Selecting any model from drop down menu: [[ChromeDriver: chrome on WINDOWS (4f31a3df472d48a56674dedadce964de)] -> xpath: //select[@id='models']]
2023-07-27 17:07:291 INFO  NewAndUsedCarSearchPage :56 - Selecting any location from drop down menu: [[ChromeDriver: chrome on WINDOWS (4f31a3df472d48a56674dedadce964de)] -> xpath: //select[@id='locations']]
2023-07-27 17:07:541 INFO  NewAndUsedCarSearchPage :61 - Selecting max price from drop down menu: [[ChromeDriver: chrome on WINDOWS (4f31a3df472d48a56674dedadce964de)] -> xpath: //select[@id='priceTo']]
2023-07-27 17:07:791 INFO  NewAndUsedCarSearchPage :66 - Clicking on find my next car tab: [[ChromeDriver: chrome on WINDOWS (4f31a3df472d48a56674dedadce964de)] -> id: search-submit]
2023-07-27 17:07:550 INFO  ResultsPage :24 - Verifying the make: [[ChromeDriver: chrome on WINDOWS (4f31a3df472d48a56674dedadce964de)] -> class name: makeFilter]
2023-07-27 17:07:715 INFO  Homepage :35 - Mouse hovering on buy + sell tab : [[ChromeDriver: chrome on WINDOWS (5b79556e60e226ad9651dc15a3de3767)] -> xpath: //a[contains(text(),'buy + sell')]]
2023-07-27 17:07:888 INFO  Homepage :45 - Mouse hovering and clicking on used link: [[ChromeDriver: chrome on WINDOWS (5b79556e60e226ad9651dc15a3de3767)] -> xpath: //a[contains(text(),'buy + sell')]]
2023-07-27 17:07:286 INFO  UsedCarSearchPage :24 - Verifying new and used car dor sale text: [[ChromeDriver: chrome on WINDOWS (5b79556e60e226ad9651dc15a3de3767)] -> xpath: //h1[contains(text(),'Used Cars For Sale')]]
2023-07-27 17:07:354 INFO  NewAndUsedCarSearchPage :46 - Selecting any make from drop down menu: [[ChromeDriver: chrome on WINDOWS (5b79556e60e226ad9651dc15a3de3767)] -> xpath: //select[@id='makes']]
2023-07-27 17:07:667 INFO  NewAndUsedCarSearchPage :51 - Selecting any model from drop down menu: [[ChromeDriver: chrome on WINDOWS (5b79556e60e226ad9651dc15a3de3767)] -> xpath: //select[@id='models']]
2023-07-27 17:07:05 INFO  NewAndUsedCarSearchPage :56 - Selecting any location from drop down menu: [[ChromeDriver: chrome on WINDOWS (5b79556e60e226ad9651dc15a3de3767)] -> xpath: //select[@id='locations']]
2023-07-27 17:07:405 INFO  NewAndUsedCarSearchPage :61 - Selecting max price from drop down menu: [[ChromeDriver: chrome on WINDOWS (5b79556e60e226ad9651dc15a3de3767)] -> xpath: //select[@id='priceTo']]
2023-07-27 17:07:647 INFO  NewAndUsedCarSearchPage :66 - Clicking on find my next car tab: [[ChromeDriver: chrome on WINDOWS (5b79556e60e226ad9651dc15a3de3767)] -> id: search-submit]
2023-07-27 17:07:910 INFO  ResultsPage :24 - Verifying the make: [[ChromeDriver: chrome on WINDOWS (5b79556e60e226ad9651dc15a3de3767)] -> class name: makeFilter]
2023-07-27 17:07:168 INFO  Homepage :35 - Mouse hovering on buy + sell tab : [[ChromeDriver: chrome on WINDOWS (280fc9fa396ee9f260909e6b314723b6)] -> xpath: //a[contains(text(),'buy + sell')]]
2023-07-27 17:07:226 INFO  Homepage :50 - Mouse hovering and clicking on find a dealer link: [[ChromeDriver: chrome on WINDOWS (280fc9fa396ee9f260909e6b314723b6)] -> link text: Find a Dealer]
2023-07-27 17:07:764 INFO  CarDealersPage :30 - Verifying Find a Car Dealership Near You text: [[ChromeDriver: chrome on WINDOWS (280fc9fa396ee9f260909e6b314723b6)] -> xpath: //h1[contains(text(),'Find a Car Dealership Near You')]]
2023-07-28 19:07:822 INFO  Homepage :35 - Mouse hovering on buy + sell tab : [[ChromeDriver: chrome on WINDOWS (7ccc1ae878791591c66994e9568e6972)] -> xpath: //a[contains(text(),'buy + sell')]]
2023-07-28 19:07:159 INFO  Homepage :50 - Mouse hovering and clicking on find a dealer link: [[ChromeDriver: chrome on WINDOWS (7ccc1ae878791591c66994e9568e6972)] -> link text: Find a Dealer]
2023-07-28 19:07:787 INFO  CarDealersPage :30 - Verifying Find a Car Dealership Near You text: [[ChromeDriver: chrome on WINDOWS (7ccc1ae878791591c66994e9568e6972)] -> xpath: //h1[contains(text(),'Find a Car Dealership Near You')]]
2023-07-28 19:07:242 INFO  Homepage :35 - Mouse hovering on buy + sell tab : [[ChromeDriver: chrome on WINDOWS (2a86c7e4b5195aa0f5502382bc6f1dc0)] -> xpath: //a[contains(text(),'buy + sell')]]
2023-07-28 19:07:460 INFO  Homepage :50 - Mouse hovering and clicking on find a dealer link: [[ChromeDriver: chrome on WINDOWS (2a86c7e4b5195aa0f5502382bc6f1dc0)] -> link text: Find a Dealer]
2023-07-28 19:07:560 INFO  CarDealersPage :30 - Verifying Find a Car Dealership Near You text: [[ChromeDriver: chrome on WINDOWS (2a86c7e4b5195aa0f5502382bc6f1dc0)] -> xpath: //h1[contains(text(),'Find a Car Dealership Near You')]]
2023-07-28 19:07:629 INFO  CarDealersPage :35 - Verifying dealers name is displayed on page: []
2023-07-28 19:07:928 INFO  Homepage :35 - Mouse hovering on buy + sell tab : [[ChromeDriver: chrome on WINDOWS (808a0a2c3956ef368105aae806ce13cd)] -> xpath: //a[contains(text(),'buy + sell')]]
2023-07-28 19:07:94 INFO  Homepage :50 - Mouse hovering and clicking on find a dealer link: [[ChromeDriver: chrome on WINDOWS (808a0a2c3956ef368105aae806ce13cd)] -> link text: Find a Dealer]
2023-07-28 19:07:738 INFO  CarDealersPage :30 - Verifying Find a Car Dealership Near You text: [[ChromeDriver: chrome on WINDOWS (808a0a2c3956ef368105aae806ce13cd)] -> xpath: //h1[contains(text(),'Find a Car Dealership Near You')]]
2023-07-28 19:07:786 INFO  CarDealersPage :35 - Verifying dealers name is displayed on page: []
2023-07-28 19:07:222 INFO  Homepage :35 - Mouse hovering on buy + sell tab : [[ChromeDriver: chrome on WINDOWS (865974186c1a5a6a10ea3531053a7006)] -> xpath: //a[contains(text(),'buy + sell')]]
2023-07-28 19:07:724 INFO  Homepage :50 - Mouse hovering and clicking on find a dealer link: [[ChromeDriver: chrome on WINDOWS (865974186c1a5a6a10ea3531053a7006)] -> link text: Find a Dealer]
2023-07-28 19:07:372 INFO  CarDealersPage :30 - Verifying Find a Car Dealership Near You text: [[ChromeDriver: chrome on WINDOWS (865974186c1a5a6a10ea3531053a7006)] -> xpath: //h1[contains(text(),'Find a Car Dealership Near You')]]
2023-07-28 19:07:406 INFO  CarDealersPage :35 - Verifying dealers name is displayed on page: []
2023-07-28 19:07:75 INFO  Homepage :35 - Mouse hovering on buy + sell tab : [[ChromeDriver: chrome on WINDOWS (329b01cd506cc776e81533bfe37c4cec)] -> xpath: //a[contains(text(),'buy + sell')]]
2023-07-28 19:07:237 INFO  Homepage :50 - Mouse hovering and clicking on find a dealer link: [[ChromeDriver: chrome on WINDOWS (329b01cd506cc776e81533bfe37c4cec)] -> link text: Find a Dealer]
2023-07-28 19:07:179 INFO  CarDealersPage :30 - Verifying Find a Car Dealership Near You text: [[ChromeDriver: chrome on WINDOWS (329b01cd506cc776e81533bfe37c4cec)] -> xpath: //h1[contains(text(),'Find a Car Dealership Near You')]]
2023-07-28 19:07:221 INFO  CarDealersPage :35 - Verifying dealers name is displayed on page: []
2023-07-28 19:07:381 INFO  Homepage :35 - Mouse hovering on buy + sell tab : [[ChromeDriver: chrome on WINDOWS (35a41128b949562bfb5779dcebda231b)] -> xpath: //a[contains(text(),'buy + sell')]]
2023-07-28 19:07:647 INFO  Homepage :50 - Mouse hovering and clicking on find a dealer link: [[ChromeDriver: chrome on WINDOWS (35a41128b949562bfb5779dcebda231b)] -> link text: Find a Dealer]
2023-07-28 19:07:353 INFO  CarDealersPage :30 - Verifying Find a Car Dealership Near You text: [[ChromeDriver: chrome on WINDOWS (35a41128b949562bfb5779dcebda231b)] -> xpath: //h1[contains(text(),'Find a Car Dealership Near You')]]
2023-07-28 19:07:436 INFO  CarDealersPage :35 - Verifying dealers name is displayed on page: []
2023-07-28 19:07:68 INFO  Homepage :35 - Mouse hovering on buy + sell tab : [[ChromeDriver: chrome on WINDOWS (53ae2c32527fa54d05fd3d7cfe6c1430)] -> xpath: //a[contains(text(),'buy + sell')]]
2023-07-28 19:07:243 INFO  Homepage :50 - Mouse hovering and clicking on find a dealer link: [[ChromeDriver: chrome on WINDOWS (53ae2c32527fa54d05fd3d7cfe6c1430)] -> link text: Find a Dealer]
2023-07-28 19:07:271 INFO  CarDealersPage :30 - Verifying Find a Car Dealership Near You text: [[ChromeDriver: chrome on WINDOWS (53ae2c32527fa54d05fd3d7cfe6c1430)] -> xpath: //h1[contains(text(),'Find a Car Dealership Near You')]]
2023-07-28 19:07:319 INFO  CarDealersPage :35 - Verifying dealers name is displayed on page: []
2023-07-28 19:07:385 INFO  Homepage :35 - Mouse hovering on buy + sell tab : [[ChromeDriver: chrome on WINDOWS (32ae6d5eaf6f4a1a65f7d61da36ae07c)] -> xpath: //a[contains(text(),'buy + sell')]]
2023-07-28 19:07:631 INFO  Homepage :50 - Mouse hovering and clicking on find a dealer link: [[ChromeDriver: chrome on WINDOWS (32ae6d5eaf6f4a1a65f7d61da36ae07c)] -> link text: Find a Dealer]
2023-07-28 19:07:380 INFO  CarDealersPage :30 - Verifying Find a Car Dealership Near You text: [[ChromeDriver: chrome on WINDOWS (32ae6d5eaf6f4a1a65f7d61da36ae07c)] -> xpath: //h1[contains(text(),'Find a Car Dealership Near You')]]
2023-07-28 19:07:441 INFO  CarDealersPage :35 - Verifying dealers name is displayed on page: []
